[ERROR] 2019-02-21 15:56:10.131 [main] ReadWriteFiles - Order not processed due to unrecognised input
[ERROR] 2019-02-22 13:50:42.462 [main] ReadWriteFiles - Invalid trigger price -1.0
[ERROR] 2019-02-22 13:50:42.462 [main] ReadWriteFiles - Order not processed due to unrecognised input
[ERROR] 2019-02-22 13:50:42.462 [main] ReadWriteFiles - Invalid limit price -1.0
[ERROR] 2019-02-22 13:50:42.462 [main] ReadWriteFiles - Order not processed due to unrecognised input
[ERROR] 2019-02-22 13:50:42.462 [main] ReadWriteFiles - Invalid limit price -1.0
[ERROR] 2019-02-22 13:50:42.462 [main] ReadWriteFiles - Order not processed due to unrecognised input
[ERROR] 2019-02-22 13:50:42.462 [main] ReadWriteFiles - Invalid limit price -1.0
[ERROR] 2019-02-22 13:50:42.462 [main] ReadWriteFiles - Order not processed due to unrecognised input
[ERROR] 2019-02-22 13:50:42.462 [main] ReadWriteFiles - Invalid limit price -1.0
[ERROR] 2019-02-22 13:50:42.463 [main] ReadWriteFiles - Order not processed due to unrecognised input
[ERROR] 2019-02-22 13:50:42.463 [main] ReadWriteFiles - Invalid trigger price -1.0
[ERROR] 2019-02-22 13:50:42.463 [main] ReadWriteFiles - Order not processed due to unrecognised input
[ERROR] 2019-02-22 13:50:42.463 [main] ReadWriteFiles - Invalid trigger price -1.0
[ERROR] 2019-02-22 13:50:42.463 [main] ReadWriteFiles - Order not processed due to unrecognised input
[ERROR] 2019-02-22 13:50:42.463 [main] ReadWriteFiles - Invalid trigger price -1.0
[ERROR] 2019-02-22 13:50:42.463 [main] ReadWriteFiles - Order not processed due to unrecognised input
[ERROR] 2019-02-22 13:50:42.463 [main] ReadWriteFiles - Invalid limit price -1.0
[ERROR] 2019-02-22 13:50:42.463 [main] ReadWriteFiles - Order not processed due to unrecognised input
[ERROR] 2019-02-22 13:50:42.463 [main] ReadWriteFiles - Invalid limit price -1.0
[ERROR] 2019-02-22 13:50:42.463 [main] ReadWriteFiles - Order not processed due to unrecognised input
[ERROR] 2019-02-22 13:50:42.463 [main] ReadWriteFiles - Invalid limit price -1.0
[ERROR] 2019-02-22 13:50:42.464 [main] ReadWriteFiles - Order not processed due to unrecognised input
[ERROR] 2019-02-22 13:50:42.464 [main] ReadWriteFiles - Invalid trigger price -1.0
[ERROR] 2019-02-22 13:50:42.464 [main] ReadWriteFiles - Order not processed due to unrecognised input
[ERROR] 2019-02-22 13:50:42.464 [main] ReadWriteFiles - Invalid trigger price -1.0
[ERROR] 2019-02-22 13:50:42.464 [main] ReadWriteFiles - Order not processed due to unrecognised input
[ERROR] 2019-02-22 13:50:42.464 [main] ReadWriteFiles - Invalid trigger price -1.0
[ERROR] 2019-02-22 13:50:42.464 [main] ReadWriteFiles - Order not processed due to unrecognised input
[ERROR] 2019-02-22 13:50:42.464 [main] ReadWriteFiles - Invalid trigger price -1.0
[ERROR] 2019-02-22 13:50:42.464 [main] ReadWriteFiles - Order not processed due to unrecognised input
[ERROR] 2019-02-22 13:50:42.464 [main] ReadWriteFiles - Invalid trigger price -1.0
[ERROR] 2019-02-22 13:50:42.464 [main] ReadWriteFiles - Order not processed due to unrecognised input
[ERROR] 2019-02-22 13:50:42.464 [main] ReadWriteFiles - Invalid trigger price -1.0
[ERROR] 2019-02-22 13:50:42.464 [main] ReadWriteFiles - Order not processed due to unrecognised input
[ERROR] 2019-02-22 13:50:42.465 [main] ReadWriteFiles - Invalid limit price -1.0
[ERROR] 2019-02-22 13:50:42.465 [main] ReadWriteFiles - Order not processed due to unrecognised input
[ERROR] 2019-02-22 13:50:42.477 [main] ReadWriteFiles - Invalid trigger price -1.0
[ERROR] 2019-02-22 13:50:42.477 [main] ReadWriteFiles - Order not processed due to unrecognised input
[ERROR] 2019-02-22 13:50:42.477 [main] ReadWriteFiles - Invalid limit price -1.0
[ERROR] 2019-02-22 13:50:42.477 [main] ReadWriteFiles - Order not processed due to unrecognised input
[ERROR] 2019-02-22 13:50:42.477 [main] ReadWriteFiles - Invalid trigger price -1.0
[ERROR] 2019-02-22 13:50:42.477 [main] ReadWriteFiles - Order not processed due to unrecognised input
[ERROR] 2019-02-22 13:50:42.486 [main] ReadWriteFiles - Invalid limit price -1.0
[ERROR] 2019-02-22 13:50:42.486 [main] ReadWriteFiles - Order not processed due to unrecognised input
[ERROR] 2019-02-22 13:50:42.486 [main] ReadWriteFiles - Invalid trigger price -1.0
[ERROR] 2019-02-22 13:50:42.486 [main] ReadWriteFiles - Order not processed due to unrecognised input
[ERROR] 2019-02-22 13:50:42.486 [main] ReadWriteFiles - Invalid trigger price -1.0
[ERROR] 2019-02-22 13:50:42.486 [main] ReadWriteFiles - Order not processed due to unrecognised input
[ERROR] 2019-02-22 13:50:42.510 [main] ReadWriteFiles - Invalid trigger price -1.0
[ERROR] 2019-02-22 13:50:42.510 [main] ReadWriteFiles - Order not processed due to unrecognised input
[ERROR] 2019-02-22 13:50:42.510 [main] ReadWriteFiles - Invalid trigger price -1.0
[ERROR] 2019-02-22 13:50:42.510 [main] ReadWriteFiles - Order not processed due to unrecognised input
[ERROR] 2019-02-22 13:50:42.510 [main] ReadWriteFiles - Order not processed due to unrecognised input
[ERROR] 2019-02-22 13:51:15.843 [main] ReadWriteFiles - Invalid trigger price -1.0
[ERROR] 2019-02-22 13:51:15.844 [main] ReadWriteFiles - Order not processed due to unrecognised input
[ERROR] 2019-02-22 13:51:15.844 [main] ReadWriteFiles - Invalid limit price -1.0
[ERROR] 2019-02-22 13:51:15.844 [main] ReadWriteFiles - Order not processed due to unrecognised input
[ERROR] 2019-02-22 13:51:15.844 [main] ReadWriteFiles - Invalid limit price -1.0
[ERROR] 2019-02-22 13:51:15.844 [main] ReadWriteFiles - Order not processed due to unrecognised input
[ERROR] 2019-02-22 13:51:15.844 [main] ReadWriteFiles - Invalid limit price -1.0
[ERROR] 2019-02-22 13:51:15.844 [main] ReadWriteFiles - Order not processed due to unrecognised input
[ERROR] 2019-02-22 13:51:15.844 [main] ReadWriteFiles - Invalid limit price -1.0
[ERROR] 2019-02-22 13:51:15.844 [main] ReadWriteFiles - Order not processed due to unrecognised input
[ERROR] 2019-02-22 13:51:15.844 [main] ReadWriteFiles - Invalid trigger price -1.0
[ERROR] 2019-02-22 13:51:15.844 [main] ReadWriteFiles - Order not processed due to unrecognised input
[ERROR] 2019-02-22 13:51:15.844 [main] ReadWriteFiles - Invalid trigger price -1.0
[ERROR] 2019-02-22 13:51:15.844 [main] ReadWriteFiles - Order not processed due to unrecognised input
[ERROR] 2019-02-22 13:51:15.845 [main] ReadWriteFiles - Invalid trigger price -1.0
[ERROR] 2019-02-22 13:51:15.845 [main] ReadWriteFiles - Order not processed due to unrecognised input
[ERROR] 2019-02-22 13:51:15.845 [main] ReadWriteFiles - Invalid limit price -1.0
[ERROR] 2019-02-22 13:51:15.845 [main] ReadWriteFiles - Order not processed due to unrecognised input
[ERROR] 2019-02-22 13:51:15.845 [main] ReadWriteFiles - Invalid limit price -1.0
[ERROR] 2019-02-22 13:51:15.845 [main] ReadWriteFiles - Order not processed due to unrecognised input
[ERROR] 2019-02-22 13:51:15.845 [main] ReadWriteFiles - Invalid limit price -1.0
[ERROR] 2019-02-22 13:51:15.845 [main] ReadWriteFiles - Order not processed due to unrecognised input
[ERROR] 2019-02-22 13:51:15.845 [main] ReadWriteFiles - Invalid trigger price -1.0
[ERROR] 2019-02-22 13:51:15.845 [main] ReadWriteFiles - Order not processed due to unrecognised input
[ERROR] 2019-02-22 13:51:15.845 [main] ReadWriteFiles - Invalid trigger price -1.0
[ERROR] 2019-02-22 13:51:15.845 [main] ReadWriteFiles - Order not processed due to unrecognised input
[ERROR] 2019-02-22 13:51:15.845 [main] ReadWriteFiles - Invalid trigger price -1.0
[ERROR] 2019-02-22 13:51:15.845 [main] ReadWriteFiles - Order not processed due to unrecognised input
[ERROR] 2019-02-22 13:51:15.846 [main] ReadWriteFiles - Invalid trigger price -1.0
[ERROR] 2019-02-22 13:51:15.846 [main] ReadWriteFiles - Order not processed due to unrecognised input
[ERROR] 2019-02-22 13:51:15.846 [main] ReadWriteFiles - Invalid trigger price -1.0
[ERROR] 2019-02-22 13:51:15.846 [main] ReadWriteFiles - Order not processed due to unrecognised input
[ERROR] 2019-02-22 13:51:15.846 [main] ReadWriteFiles - Invalid trigger price -1.0
[ERROR] 2019-02-22 13:51:15.846 [main] ReadWriteFiles - Order not processed due to unrecognised input
[ERROR] 2019-02-22 13:51:15.846 [main] ReadWriteFiles - Invalid limit price -1.0
[ERROR] 2019-02-22 13:51:15.846 [main] ReadWriteFiles - Order not processed due to unrecognised input
[ERROR] 2019-02-22 13:51:15.856 [main] ReadWriteFiles - Invalid trigger price -1.0
[ERROR] 2019-02-22 13:51:15.856 [main] ReadWriteFiles - Order not processed due to unrecognised input
[ERROR] 2019-02-22 13:51:15.856 [main] ReadWriteFiles - Invalid limit price -1.0
[ERROR] 2019-02-22 13:51:15.856 [main] ReadWriteFiles - Order not processed due to unrecognised input
[ERROR] 2019-02-22 13:51:15.856 [main] ReadWriteFiles - Invalid trigger price -1.0
[ERROR] 2019-02-22 13:51:15.856 [main] ReadWriteFiles - Order not processed due to unrecognised input
[ERROR] 2019-02-22 13:51:15.864 [main] ReadWriteFiles - Invalid limit price -1.0
[ERROR] 2019-02-22 13:51:15.864 [main] ReadWriteFiles - Order not processed due to unrecognised input
[ERROR] 2019-02-22 13:51:15.864 [main] ReadWriteFiles - Invalid trigger price -1.0
[ERROR] 2019-02-22 13:51:15.864 [main] ReadWriteFiles - Order not processed due to unrecognised input
[ERROR] 2019-02-22 13:51:15.864 [main] ReadWriteFiles - Invalid trigger price -1.0
[ERROR] 2019-02-22 13:51:15.864 [main] ReadWriteFiles - Order not processed due to unrecognised input
[ERROR] 2019-02-22 13:51:15.886 [main] ReadWriteFiles - Invalid trigger price -1.0
[ERROR] 2019-02-22 13:51:15.886 [main] ReadWriteFiles - Order not processed due to unrecognised input
[ERROR] 2019-02-22 13:51:15.886 [main] ReadWriteFiles - Invalid trigger price -1.0
[ERROR] 2019-02-22 13:51:15.886 [main] ReadWriteFiles - Order not processed due to unrecognised input
[ERROR] 2019-02-22 13:51:15.886 [main] ReadWriteFiles - Order not processed due to unrecognised input
[ERROR] 2019-02-22 13:51:23.549 [main] ReadWriteFiles - Invalid trigger price -1.0
[ERROR] 2019-02-22 13:51:23.549 [main] ReadWriteFiles - Order not processed due to unrecognised input
[ERROR] 2019-02-22 13:51:23.549 [main] ReadWriteFiles - Invalid limit price -1.0
[ERROR] 2019-02-22 13:51:23.549 [main] ReadWriteFiles - Order not processed due to unrecognised input
[ERROR] 2019-02-22 13:51:23.550 [main] ReadWriteFiles - Invalid limit price -1.0
[ERROR] 2019-02-22 13:51:23.550 [main] ReadWriteFiles - Order not processed due to unrecognised input
[ERROR] 2019-02-22 13:51:23.550 [main] ReadWriteFiles - Invalid limit price -1.0
[ERROR] 2019-02-22 13:51:23.550 [main] ReadWriteFiles - Order not processed due to unrecognised input
[ERROR] 2019-02-22 13:51:23.550 [main] ReadWriteFiles - Invalid limit price -1.0
[ERROR] 2019-02-22 13:51:23.550 [main] ReadWriteFiles - Order not processed due to unrecognised input
[ERROR] 2019-02-22 13:51:23.550 [main] ReadWriteFiles - Invalid trigger price -1.0
[ERROR] 2019-02-22 13:51:23.550 [main] ReadWriteFiles - Order not processed due to unrecognised input
[ERROR] 2019-02-22 13:51:23.550 [main] ReadWriteFiles - Invalid trigger price -1.0
[ERROR] 2019-02-22 13:51:23.550 [main] ReadWriteFiles - Order not processed due to unrecognised input
[ERROR] 2019-02-22 13:51:23.550 [main] ReadWriteFiles - Invalid trigger price -1.0
[ERROR] 2019-02-22 13:51:23.550 [main] ReadWriteFiles - Order not processed due to unrecognised input
[ERROR] 2019-02-22 13:51:23.550 [main] ReadWriteFiles - Invalid limit price -1.0
[ERROR] 2019-02-22 13:51:23.551 [main] ReadWriteFiles - Order not processed due to unrecognised input
[ERROR] 2019-02-22 13:51:23.551 [main] ReadWriteFiles - Invalid limit price -1.0
[ERROR] 2019-02-22 13:51:23.551 [main] ReadWriteFiles - Order not processed due to unrecognised input
[ERROR] 2019-02-22 13:51:23.551 [main] ReadWriteFiles - Invalid limit price -1.0
[ERROR] 2019-02-22 13:51:23.551 [main] ReadWriteFiles - Order not processed due to unrecognised input
[ERROR] 2019-02-22 13:51:23.551 [main] ReadWriteFiles - Invalid trigger price -1.0
[ERROR] 2019-02-22 13:51:23.551 [main] ReadWriteFiles - Order not processed due to unrecognised input
[ERROR] 2019-02-22 13:51:23.551 [main] ReadWriteFiles - Invalid trigger price -1.0
[ERROR] 2019-02-22 13:51:23.551 [main] ReadWriteFiles - Order not processed due to unrecognised input
[ERROR] 2019-02-22 13:51:23.551 [main] ReadWriteFiles - Invalid trigger price -1.0
[ERROR] 2019-02-22 13:51:23.551 [main] ReadWriteFiles - Order not processed due to unrecognised input
[ERROR] 2019-02-22 13:51:23.551 [main] ReadWriteFiles - Invalid trigger price -1.0
[ERROR] 2019-02-22 13:51:23.551 [main] ReadWriteFiles - Order not processed due to unrecognised input
[ERROR] 2019-02-22 13:51:23.552 [main] ReadWriteFiles - Invalid trigger price -1.0
[ERROR] 2019-02-22 13:51:23.552 [main] ReadWriteFiles - Order not processed due to unrecognised input
[ERROR] 2019-02-22 13:51:23.552 [main] ReadWriteFiles - Invalid trigger price -1.0
[ERROR] 2019-02-22 13:51:23.552 [main] ReadWriteFiles - Order not processed due to unrecognised input
[ERROR] 2019-02-22 13:51:23.552 [main] ReadWriteFiles - Invalid limit price -1.0
[ERROR] 2019-02-22 13:51:23.552 [main] ReadWriteFiles - Order not processed due to unrecognised input
[ERROR] 2019-02-22 13:51:23.566 [main] ReadWriteFiles - Invalid trigger price -1.0
[ERROR] 2019-02-22 13:51:23.566 [main] ReadWriteFiles - Order not processed due to unrecognised input
[ERROR] 2019-02-22 13:51:23.566 [main] ReadWriteFiles - Invalid limit price -1.0
[ERROR] 2019-02-22 13:51:23.566 [main] ReadWriteFiles - Order not processed due to unrecognised input
[ERROR] 2019-02-22 13:51:23.567 [main] ReadWriteFiles - Invalid trigger price -1.0
[ERROR] 2019-02-22 13:51:23.567 [main] ReadWriteFiles - Order not processed due to unrecognised input
[ERROR] 2019-02-22 13:51:23.574 [main] ReadWriteFiles - Invalid limit price -1.0
[ERROR] 2019-02-22 13:51:23.574 [main] ReadWriteFiles - Order not processed due to unrecognised input
[ERROR] 2019-02-22 13:51:23.574 [main] ReadWriteFiles - Invalid trigger price -1.0
[ERROR] 2019-02-22 13:51:23.574 [main] ReadWriteFiles - Order not processed due to unrecognised input
[ERROR] 2019-02-22 13:51:23.575 [main] ReadWriteFiles - Invalid trigger price -1.0
[ERROR] 2019-02-22 13:51:23.575 [main] ReadWriteFiles - Order not processed due to unrecognised input
[ERROR] 2019-02-22 13:51:23.593 [main] ReadWriteFiles - Invalid trigger price -1.0
[ERROR] 2019-02-22 13:51:23.593 [main] ReadWriteFiles - Order not processed due to unrecognised input
[ERROR] 2019-02-22 13:51:23.593 [main] ReadWriteFiles - Invalid trigger price -1.0
[ERROR] 2019-02-22 13:51:23.593 [main] ReadWriteFiles - Order not processed due to unrecognised input
[ERROR] 2019-02-22 13:51:23.593 [main] ReadWriteFiles - Order not processed due to unrecognised input
[ERROR] 2019-02-22 13:52:51.071 [main] ReadWriteFiles - Order not processed due to unrecognised input
[ERROR] 2019-02-22 13:54:09.410 [main] ReadWriteFiles - Double.parseDouble(inputString) 102.93
[ERROR] 2019-02-22 13:54:09.410 [main] ReadWriteFiles - Order not processed due to unrecognised input
[ERROR] 2019-02-22 13:54:09.410 [main] ReadWriteFiles - Order not processed due to unrecognised input
[ERROR] 2019-02-22 13:54:09.410 [main] ReadWriteFiles - Order not processed due to unrecognised input
[ERROR] 2019-02-22 13:54:09.410 [main] ReadWriteFiles - Order not processed due to unrecognised input
[ERROR] 2019-02-22 13:54:09.411 [main] ReadWriteFiles - Order not processed due to unrecognised input
[ERROR] 2019-02-22 13:54:09.411 [main] ReadWriteFiles - Double.parseDouble(inputString) 102.93
[ERROR] 2019-02-22 13:54:09.411 [main] ReadWriteFiles - Order not processed due to unrecognised input
[ERROR] 2019-02-22 13:54:09.411 [main] ReadWriteFiles - Double.parseDouble(inputString) 102.93
[ERROR] 2019-02-22 13:54:09.411 [main] ReadWriteFiles - Order not processed due to unrecognised input
[ERROR] 2019-02-22 13:54:09.411 [main] ReadWriteFiles - Double.parseDouble(inputString) 104.01
[ERROR] 2019-02-22 13:54:09.411 [main] ReadWriteFiles - Order not processed due to unrecognised input
[ERROR] 2019-02-22 13:54:09.411 [main] ReadWriteFiles - Order not processed due to unrecognised input
[ERROR] 2019-02-22 13:54:09.411 [main] ReadWriteFiles - Order not processed due to unrecognised input
[ERROR] 2019-02-22 13:54:09.411 [main] ReadWriteFiles - Order not processed due to unrecognised input
[ERROR] 2019-02-22 13:54:09.411 [main] ReadWriteFiles - Double.parseDouble(inputString) 104.01
[ERROR] 2019-02-22 13:54:09.411 [main] ReadWriteFiles - Order not processed due to unrecognised input
[ERROR] 2019-02-22 13:54:09.412 [main] ReadWriteFiles - Double.parseDouble(inputString) 103.99
[ERROR] 2019-02-22 13:54:09.412 [main] ReadWriteFiles - Order not processed due to unrecognised input
[ERROR] 2019-02-22 13:54:09.412 [main] ReadWriteFiles - Double.parseDouble(inputString) 104.11
[ERROR] 2019-02-22 13:54:09.412 [main] ReadWriteFiles - Order not processed due to unrecognised input
[ERROR] 2019-02-22 13:54:09.412 [main] ReadWriteFiles - Double.parseDouble(inputString) 104.11
[ERROR] 2019-02-22 13:54:09.412 [main] ReadWriteFiles - Order not processed due to unrecognised input
[ERROR] 2019-02-22 13:54:09.412 [main] ReadWriteFiles - Double.parseDouble(inputString) 104.21
[ERROR] 2019-02-22 13:54:09.412 [main] ReadWriteFiles - Order not processed due to unrecognised input
[ERROR] 2019-02-22 13:54:09.412 [main] ReadWriteFiles - Double.parseDouble(inputString) 104.01
[ERROR] 2019-02-22 13:54:09.412 [main] ReadWriteFiles - Order not processed due to unrecognised input
[ERROR] 2019-02-22 13:54:09.412 [main] ReadWriteFiles - Order not processed due to unrecognised input
[ERROR] 2019-02-22 13:54:09.426 [main] ReadWriteFiles - Double.parseDouble(inputString) 100.01
[ERROR] 2019-02-22 13:54:09.426 [main] ReadWriteFiles - Order not processed due to unrecognised input
[ERROR] 2019-02-22 13:54:09.426 [main] ReadWriteFiles - Order not processed due to unrecognised input
[ERROR] 2019-02-22 13:54:09.427 [main] ReadWriteFiles - Double.parseDouble(inputString) 99.99
[ERROR] 2019-02-22 13:54:09.427 [main] ReadWriteFiles - Order not processed due to unrecognised input
[ERROR] 2019-02-22 13:54:09.433 [main] ReadWriteFiles - Order not processed due to unrecognised input
[ERROR] 2019-02-22 13:54:09.433 [main] ReadWriteFiles - Double.parseDouble(inputString) 100.01
[ERROR] 2019-02-22 13:54:09.434 [main] ReadWriteFiles - Order not processed due to unrecognised input
[ERROR] 2019-02-22 13:54:09.434 [main] ReadWriteFiles - Double.parseDouble(inputString) 99.99
[ERROR] 2019-02-22 13:54:09.434 [main] ReadWriteFiles - Order not processed due to unrecognised input
[ERROR] 2019-02-22 13:54:09.449 [main] ReadWriteFiles - Double.parseDouble(inputString) 102.01
[ERROR] 2019-02-22 13:54:09.449 [main] ReadWriteFiles - Order not processed due to unrecognised input
[ERROR] 2019-02-22 13:54:09.450 [main] ReadWriteFiles - Double.parseDouble(inputString) 101.01
[ERROR] 2019-02-22 13:54:09.450 [main] ReadWriteFiles - Order not processed due to unrecognised input
[ERROR] 2019-02-22 13:54:09.450 [main] ReadWriteFiles - Double.parseDouble(inputString) 102.01
[ERROR] 2019-02-22 13:54:09.450 [main] ReadWriteFiles - Order not processed due to unrecognised input
[ERROR] 2019-02-22 14:01:00.039 [main] ReadWriteFiles - Double.parseDouble(inputString) 102.93
[ERROR] 2019-02-22 14:01:00.039 [main] ReadWriteFiles - Order not processed due to unrecognised input
[ERROR] 2019-02-22 14:01:00.039 [main] ReadWriteFiles - Order not processed due to unrecognised input
[ERROR] 2019-02-22 14:01:00.039 [main] ReadWriteFiles - Order not processed due to unrecognised input
[ERROR] 2019-02-22 14:01:00.039 [main] ReadWriteFiles - Order not processed due to unrecognised input
[ERROR] 2019-02-22 14:01:00.039 [main] ReadWriteFiles - Order not processed due to unrecognised input
[ERROR] 2019-02-22 14:01:00.039 [main] ReadWriteFiles - Double.parseDouble(inputString) 102.93
[ERROR] 2019-02-22 14:01:00.039 [main] ReadWriteFiles - Order not processed due to unrecognised input
[ERROR] 2019-02-22 14:01:00.039 [main] ReadWriteFiles - Double.parseDouble(inputString) 102.93
[ERROR] 2019-02-22 14:01:00.040 [main] ReadWriteFiles - Order not processed due to unrecognised input
[ERROR] 2019-02-22 14:01:00.040 [main] ReadWriteFiles - Double.parseDouble(inputString) 104.01
[ERROR] 2019-02-22 14:01:00.040 [main] ReadWriteFiles - Order not processed due to unrecognised input
[ERROR] 2019-02-22 14:01:00.040 [main] ReadWriteFiles - Order not processed due to unrecognised input
[ERROR] 2019-02-22 14:01:00.040 [main] ReadWriteFiles - Order not processed due to unrecognised input
[ERROR] 2019-02-22 14:01:00.040 [main] ReadWriteFiles - Order not processed due to unrecognised input
[ERROR] 2019-02-22 14:01:00.040 [main] ReadWriteFiles - Double.parseDouble(inputString) 104.01
[ERROR] 2019-02-22 14:01:00.040 [main] ReadWriteFiles - Order not processed due to unrecognised input
[ERROR] 2019-02-22 14:01:00.041 [main] ReadWriteFiles - Double.parseDouble(inputString) 103.99
[ERROR] 2019-02-22 14:01:00.041 [main] ReadWriteFiles - Order not processed due to unrecognised input
[ERROR] 2019-02-22 14:01:00.041 [main] ReadWriteFiles - Double.parseDouble(inputString) 104.11
[ERROR] 2019-02-22 14:01:00.041 [main] ReadWriteFiles - Order not processed due to unrecognised input
[ERROR] 2019-02-22 14:01:00.042 [main] ReadWriteFiles - Double.parseDouble(inputString) 104.11
[ERROR] 2019-02-22 14:01:00.042 [main] ReadWriteFiles - Order not processed due to unrecognised input
[ERROR] 2019-02-22 14:01:00.042 [main] ReadWriteFiles - Double.parseDouble(inputString) 104.21
[ERROR] 2019-02-22 14:01:00.042 [main] ReadWriteFiles - Order not processed due to unrecognised input
[ERROR] 2019-02-22 14:01:00.042 [main] ReadWriteFiles - Double.parseDouble(inputString) 104.01
[ERROR] 2019-02-22 14:01:00.042 [main] ReadWriteFiles - Order not processed due to unrecognised input
[ERROR] 2019-02-22 14:01:00.042 [main] ReadWriteFiles - Order not processed due to unrecognised input
[ERROR] 2019-02-22 14:01:00.053 [main] ReadWriteFiles - Double.parseDouble(inputString) 100.01
[ERROR] 2019-02-22 14:01:00.054 [main] ReadWriteFiles - Order not processed due to unrecognised input
[ERROR] 2019-02-22 14:01:00.054 [main] ReadWriteFiles - Order not processed due to unrecognised input
[ERROR] 2019-02-22 14:01:00.054 [main] ReadWriteFiles - Double.parseDouble(inputString) 99.99
[ERROR] 2019-02-22 14:01:00.054 [main] ReadWriteFiles - Order not processed due to unrecognised input
[ERROR] 2019-02-22 14:01:00.060 [main] ReadWriteFiles - Order not processed due to unrecognised input
[ERROR] 2019-02-22 14:01:00.060 [main] ReadWriteFiles - Double.parseDouble(inputString) 100.01
[ERROR] 2019-02-22 14:01:00.060 [main] ReadWriteFiles - Order not processed due to unrecognised input
[ERROR] 2019-02-22 14:01:00.060 [main] ReadWriteFiles - Double.parseDouble(inputString) 99.99
[ERROR] 2019-02-22 14:01:00.060 [main] ReadWriteFiles - Order not processed due to unrecognised input
[ERROR] 2019-02-22 14:01:00.077 [main] ReadWriteFiles - Double.parseDouble(inputString) 102.01
[ERROR] 2019-02-22 14:01:00.077 [main] ReadWriteFiles - Order not processed due to unrecognised input
[ERROR] 2019-02-22 14:01:00.077 [main] ReadWriteFiles - Double.parseDouble(inputString) 101.01
[ERROR] 2019-02-22 14:01:00.078 [main] ReadWriteFiles - Order not processed due to unrecognised input
[ERROR] 2019-02-22 14:01:00.078 [main] ReadWriteFiles - Double.parseDouble(inputString) 102.01
[ERROR] 2019-02-22 14:01:00.078 [main] ReadWriteFiles - Order not processed due to unrecognised input
[ERROR] 2019-02-22 14:01:19.159 [main] ReadWriteFiles - Order not processed due to unrecognised input
[ERROR] 2019-02-22 14:01:19.159 [main] ReadWriteFiles - Order not processed due to unrecognised input
[ERROR] 2019-02-22 14:01:19.160 [main] ReadWriteFiles - Order not processed due to unrecognised input
[ERROR] 2019-02-22 14:01:19.160 [main] ReadWriteFiles - Order not processed due to unrecognised input
[ERROR] 2019-02-22 14:01:19.160 [main] ReadWriteFiles - Order not processed due to unrecognised input
[ERROR] 2019-02-22 14:01:19.160 [main] ReadWriteFiles - Order not processed due to unrecognised input
[ERROR] 2019-02-22 14:01:19.160 [main] ReadWriteFiles - Order not processed due to unrecognised input
[ERROR] 2019-02-22 14:01:19.160 [main] ReadWriteFiles - Order not processed due to unrecognised input
[ERROR] 2019-02-22 14:01:19.160 [main] ReadWriteFiles - Order not processed due to unrecognised input
[ERROR] 2019-02-22 14:01:19.161 [main] ReadWriteFiles - Order not processed due to unrecognised input
[ERROR] 2019-02-22 14:01:19.161 [main] ReadWriteFiles - Order not processed due to unrecognised input
[ERROR] 2019-02-22 14:01:19.161 [main] ReadWriteFiles - Order not processed due to unrecognised input
[ERROR] 2019-02-22 14:01:19.161 [main] ReadWriteFiles - Order not processed due to unrecognised input
[ERROR] 2019-02-22 14:01:19.161 [main] ReadWriteFiles - Order not processed due to unrecognised input
[ERROR] 2019-02-22 14:01:19.161 [main] ReadWriteFiles - Order not processed due to unrecognised input
[ERROR] 2019-02-22 14:01:19.161 [main] ReadWriteFiles - Order not processed due to unrecognised input
[ERROR] 2019-02-22 14:01:19.162 [main] ReadWriteFiles - Order not processed due to unrecognised input
[ERROR] 2019-02-22 14:01:19.162 [main] ReadWriteFiles - Order not processed due to unrecognised input
[ERROR] 2019-02-22 14:01:19.175 [main] ReadWriteFiles - Order not processed due to unrecognised input
[ERROR] 2019-02-22 14:01:19.175 [main] ReadWriteFiles - Order not processed due to unrecognised input
[ERROR] 2019-02-22 14:01:19.175 [main] ReadWriteFiles - Order not processed due to unrecognised input
[ERROR] 2019-02-22 14:01:19.182 [main] ReadWriteFiles - Order not processed due to unrecognised input
[ERROR] 2019-02-22 14:01:19.182 [main] ReadWriteFiles - Order not processed due to unrecognised input
[ERROR] 2019-02-22 14:01:19.182 [main] ReadWriteFiles - Order not processed due to unrecognised input
[ERROR] 2019-02-22 14:01:19.201 [main] ReadWriteFiles - Order not processed due to unrecognised input
[ERROR] 2019-02-22 14:01:19.201 [main] ReadWriteFiles - Order not processed due to unrecognised input
[ERROR] 2019-02-22 14:01:19.201 [main] ReadWriteFiles - Order not processed due to unrecognised input
[ERROR] 2019-02-22 14:06:26.839 [main] ReadWriteFiles - Invalid price input format
[ERROR] 2019-02-22 14:06:26.839 [main] ReadWriteFiles - Order not processed due to unrecognised input
[ERROR] 2019-02-22 14:07:15.960 [main] ReadWriteFiles - Invalid price input format: 102.01g
[ERROR] 2019-02-22 14:07:15.960 [main] ReadWriteFiles - Order not processed due to unrecognised input
[ERROR] 2019-02-22 14:09:36.060 [main] ReadWriteFiles - Invalid price input format: 102.01g
[ERROR] 2019-02-22 14:09:36.060 [main] ReadWriteFiles - Order not processed due to unrecognised input
[ERROR] 2019-02-22 14:42:35.364 [main] ReadWriteFiles - File not found: src/test/resources/Program Arguments/Orders/testOrderId1.csv
[ERROR] 2019-02-22 14:42:35.379 [main] ReadWriteFiles - File not found: src/test/resources/Program Arguments/Orders/testCustomerId1.csv
[ERROR] 2019-02-22 14:44:09.288 [main] ReadWriteFiles - Order not processed due to unrecognised input
[ERROR] 2019-02-22 14:44:09.303 [main] ReadWriteFiles - Order not processed due to unrecognised input
[ERROR] 2019-02-22 14:46:24.192 [main] ReadWriteFiles - Order not processed due to unrecognised input
[ERROR] 2019-02-22 14:46:24.192 [main] ReadWriteFiles - Order not processed due to unrecognised input
[ERROR] 2019-02-22 14:46:24.207 [main] ReadWriteFiles - Order not processed due to unrecognised input
[ERROR] 2019-02-22 14:46:24.207 [main] ReadWriteFiles - Order not processed due to unrecognised input
[ERROR] 2019-02-22 14:48:26.332 [main] ReadWriteFiles - Order not processed due to unrecognised input
[ERROR] 2019-02-22 14:48:26.332 [main] ReadWriteFiles - Order not processed due to unrecognised input
[ERROR] 2019-02-22 14:48:26.332 [main] ReadWriteFiles - Order not processed due to unrecognised input
[ERROR] 2019-02-22 14:48:26.348 [main] ReadWriteFiles - Order not processed due to unrecognised input
[ERROR] 2019-02-22 14:48:26.348 [main] ReadWriteFiles - Order not processed due to unrecognised input
[ERROR] 2019-02-22 14:48:26.348 [main] ReadWriteFiles - Order not processed due to unrecognised input
[ERROR] 2019-02-22 14:53:32.191 [main] ReadWriteFiles - Invalid price input format: 102.01g
[ERROR] 2019-02-22 14:53:32.191 [main] ReadWriteFiles - Order not processed due to unrecognised input
[ERROR] 2019-02-22 14:58:27.133 [main] ReadWriteFiles - Order not processed due to unrecognised input
[ERROR] 2019-02-22 14:58:27.135 [main] ReadWriteFiles - Order not processed due to unrecognised input
[ERROR] 2019-02-22 14:58:27.135 [main] ReadWriteFiles - Order not processed due to unrecognised input
[ERROR] 2019-02-22 14:58:27.141 [main] ReadWriteFiles - Order not processed due to unrecognised input
[ERROR] 2019-02-22 14:58:27.141 [main] ReadWriteFiles - Order not processed due to unrecognised input
[ERROR] 2019-02-22 14:58:27.141 [main] ReadWriteFiles - Order not processed due to unrecognised input
[ERROR] 2019-02-22 14:59:57.932 [main] ReadWriteFiles - Order not processed due to unrecognised input
[ERROR] 2019-02-22 14:59:57.952 [main] ReadWriteFiles - Order not processed due to unrecognised input
[ERROR] 2019-02-22 14:59:57.952 [main] ReadWriteFiles - Order not processed due to unrecognised input
[ERROR] 2019-02-22 15:00:26.477 [main] ReadWriteFiles - Order not processed due to unrecognised input
[ERROR] 2019-02-22 15:00:26.492 [main] ReadWriteFiles - Order not processed due to unrecognised input
[ERROR] 2019-02-22 15:00:26.492 [main] ReadWriteFiles - Order not processed due to unrecognised input
[ERROR] 2019-02-22 15:01:25.765 [main] ReadWriteFiles - Invalid price input format: 102.01g
[ERROR] 2019-02-22 15:01:25.766 [main] ReadWriteFiles - Order not processed due to unrecognised input
[ERROR] 2019-02-22 15:02:14.629 [main] ReadWriteFiles - Invalid price input format: 102.01g
[ERROR] 2019-02-22 15:02:14.629 [main] ReadWriteFiles - Order not processed due to unrecognised input
[ERROR] 2019-02-22 15:02:31.890 [main] ReadWriteFiles - Order not processed due to unrecognised input
[ERROR] 2019-02-22 15:04:53.375 [main] ReadWriteFiles - Order not processed due to unrecognised input
[ERROR] 2019-02-22 15:04:53.397 [main] ReadWriteFiles - Order not processed due to unrecognised input
[ERROR] 2019-02-22 15:05:18.768 [main] ReadWriteFiles - Invalid Direction input: SEL
[ERROR] 2019-02-22 15:05:18.768 [main] ReadWriteFiles - Order not processed due to unrecognised input
[ERROR] 2019-02-22 15:05:18.793 [main] ReadWriteFiles - Order not processed due to unrecognised input
[ERROR] 2019-02-22 15:20:20.251 [main] ReadWriteFiles - Invalid string to integer conversion: 100G
[ERROR] 2019-02-22 15:20:20.251 [main] ReadWriteFiles - Order not processed due to unrecognised input
[ERROR] 2019-02-22 15:20:20.261 [main] ReadWriteFiles - Invalid Direction input: SEL
[ERROR] 2019-02-22 15:20:20.262 [main] ReadWriteFiles - Order not processed due to unrecognised input
[ERROR] 2019-02-22 15:20:20.279 [main] ReadWriteFiles - Order not processed due to unrecognised input
[ERROR] 2019-02-22 15:20:49.093 [main] ReadWriteFiles - Invalid string to integer conversion: 100G
[ERROR] 2019-02-22 15:20:49.093 [main] ReadWriteFiles - Order not processed due to unrecognised input
[ERROR] 2019-02-22 15:20:49.101 [main] ReadWriteFiles - Invalid Direction input: SEL
[ERROR] 2019-02-22 15:20:49.101 [main] ReadWriteFiles - Order not processed due to unrecognised input
[ERROR] 2019-02-22 15:20:49.105 [main] ReadWriteFiles - Order not processed due to unrecognised input
[ERROR] 2019-02-22 15:22:11.704 [main] ReadWriteFiles - Invalid string to integer conversion: 100G
[ERROR] 2019-02-22 15:22:11.705 [main] ReadWriteFiles - Order not processed due to unrecognised input
[ERROR] 2019-02-22 15:22:11.708 [main] ReadWriteFiles - Invalid Direction input: SEL
[ERROR] 2019-02-22 15:22:11.708 [main] ReadWriteFiles - Order not processed due to unrecognised input
[ERROR] 2019-02-22 15:22:11.714 [main] ReadWriteFiles - File not found: src/test/resources/Program Arguments/Orders/testTicker1.csv
[ERROR] 2019-02-22 15:22:11.721 [main] ReadWriteFiles - Order not processed due to unrecognised input
[ERROR] 2019-02-22 15:45:00.836 [main] ReadWriteFiles - Invalid string to integer conversion: 100G
[ERROR] 2019-02-22 15:45:00.836 [main] ReadWriteFiles - Order not processed due to unrecognised input
[ERROR] 2019-02-22 15:45:00.839 [main] ReadWriteFiles - Invalid Direction input: SEL
[ERROR] 2019-02-22 15:45:00.839 [main] ReadWriteFiles - Order not processed due to unrecognised input
[ERROR] 2019-02-22 15:45:00.843 [main] ReadWriteFiles - Unrecognised ticker input: T
[ERROR] 2019-02-22 15:45:00.843 [main] ReadWriteFiles - Order not processed due to unrecognised input
[ERROR] 2019-02-22 15:45:00.847 [main] ReadWriteFiles - Order not processed due to unrecognised input
[ERROR] 2019-02-22 16:34:15.789 [main] ReadWriteFiles - File not found: src/test/resources/Program Arguments/Orders/testType1.csv
[ERROR] 2019-02-22 16:34:15.805 [main] ReadWriteFiles - Invalid string to integer conversion: 100G
[ERROR] 2019-02-22 16:34:15.805 [main] ReadWriteFiles - Order not processed due to unrecognised input
[ERROR] 2019-02-22 16:34:15.805 [main] ReadWriteFiles - Invalid Direction input: SEL
[ERROR] 2019-02-22 16:34:15.805 [main] ReadWriteFiles - Order not processed due to unrecognised input
[ERROR] 2019-02-22 16:34:15.825 [main] ReadWriteFiles - File not found: src/test/resources/Program Arguments/Orders/testTriggerPrice1.csv
[ERROR] 2019-02-22 16:34:15.829 [main] ReadWriteFiles - Unrecognised ticker input: T
[ERROR] 2019-02-22 16:34:15.829 [main] ReadWriteFiles - Order not processed due to unrecognised input
[ERROR] 2019-02-22 16:34:15.829 [main] ReadWriteFiles - Invalid limit price -102.93
[ERROR] 2019-02-22 16:34:15.829 [main] ReadWriteFiles - Order not processed due to unrecognised input
[ERROR] 2019-02-22 16:34:15.829 [main] ReadWriteFiles - Invalid Time In Force: GTCC
[ERROR] 2019-02-22 16:34:15.829 [main] ReadWriteFiles - Order not processed due to unrecognised input
[ERROR] 2019-02-22 16:34:15.848 [main] ReadWriteFiles - Order not processed due to unrecognised input
[ERROR] 2019-02-22 16:35:14.335 [main] ReadWriteFiles - File not found: src/test/resources/Program Arguments/Orders/testType1.csv
[ERROR] 2019-02-22 16:35:14.351 [main] ReadWriteFiles - Invalid string to integer conversion: 100G
[ERROR] 2019-02-22 16:35:14.351 [main] ReadWriteFiles - Order not processed due to unrecognised input
[ERROR] 2019-02-22 16:35:14.351 [main] ReadWriteFiles - Invalid Direction input: SEL
[ERROR] 2019-02-22 16:35:14.351 [main] ReadWriteFiles - Order not processed due to unrecognised input
[ERROR] 2019-02-22 16:35:14.351 [main] ReadWriteFiles - File not found: src/test/resources/Program Arguments/Orders/testTriggerPrice1.csv
[ERROR] 2019-02-22 16:35:14.366 [main] ReadWriteFiles - Unrecognised ticker input: T
[ERROR] 2019-02-22 16:35:14.366 [main] ReadWriteFiles - Order not processed due to unrecognised input
[ERROR] 2019-02-22 16:35:14.366 [main] ReadWriteFiles - Invalid limit price -102.93
[ERROR] 2019-02-22 16:35:14.366 [main] ReadWriteFiles - Order not processed due to unrecognised input
[ERROR] 2019-02-22 16:35:14.366 [main] ReadWriteFiles - Invalid Time In Force: GTCC
[ERROR] 2019-02-22 16:35:14.366 [main] ReadWriteFiles - Order not processed due to unrecognised input
[ERROR] 2019-02-22 16:35:14.382 [main] ReadWriteFiles - Order not processed due to unrecognised input
[ERROR] 2019-02-22 16:41:25.597 [main] ReadWriteFiles - File not found: src/test/resources/Program Arguments/Orders/testType1.csv
[ERROR] 2019-02-22 16:41:25.597 [main] ReadWriteFiles - Invalid string to integer conversion: 100G
[ERROR] 2019-02-22 16:41:25.597 [main] ReadWriteFiles - Order not processed due to unrecognised input
[ERROR] 2019-02-22 16:41:25.613 [main] ReadWriteFiles - Invalid Direction input: SEL
[ERROR] 2019-02-22 16:41:25.613 [main] ReadWriteFiles - Order not processed due to unrecognised input
[ERROR] 2019-02-22 16:41:25.613 [main] ReadWriteFiles - File not found: src/test/resources/Program Arguments/Orders/testTriggerPrice1.csv
[ERROR] 2019-02-22 16:41:25.629 [main] ReadWriteFiles - Unrecognised ticker input: T
[ERROR] 2019-02-22 16:41:25.629 [main] ReadWriteFiles - Order not processed due to unrecognised input
[ERROR] 2019-02-22 16:41:25.629 [main] ReadWriteFiles - Invalid limit price -102.93
[ERROR] 2019-02-22 16:41:25.629 [main] ReadWriteFiles - Order not processed due to unrecognised input
[ERROR] 2019-02-22 16:41:25.629 [main] ReadWriteFiles - Invalid Time In Force: GTCC
[ERROR] 2019-02-22 16:41:25.629 [main] ReadWriteFiles - Order not processed due to unrecognised input
[ERROR] 2019-02-22 16:41:25.644 [main] ReadWriteFiles - Order not processed due to unrecognised input
[ERROR] 2019-02-22 16:41:42.176 [main] ReadWriteFiles - Invalid order type input: MARK
[ERROR] 2019-02-22 16:41:42.176 [main] ReadWriteFiles - Order not processed due to unrecognised input
[ERROR] 2019-02-22 16:41:42.191 [main] ReadWriteFiles - Invalid string to integer conversion: 100G
[ERROR] 2019-02-22 16:41:42.191 [main] ReadWriteFiles - Order not processed due to unrecognised input
[ERROR] 2019-02-22 16:41:42.191 [main] ReadWriteFiles - Invalid Direction input: SEL
[ERROR] 2019-02-22 16:41:42.191 [main] ReadWriteFiles - Order not processed due to unrecognised input
[ERROR] 2019-02-22 16:41:42.191 [main] ReadWriteFiles - File not found: src/test/resources/Program Arguments/Orders/testTriggerPrice1.csv
[ERROR] 2019-02-22 16:41:42.207 [main] ReadWriteFiles - Unrecognised ticker input: T
[ERROR] 2019-02-22 16:41:42.207 [main] ReadWriteFiles - Order not processed due to unrecognised input
[ERROR] 2019-02-22 16:41:42.207 [main] ReadWriteFiles - Invalid limit price -102.93
[ERROR] 2019-02-22 16:41:42.207 [main] ReadWriteFiles - Order not processed due to unrecognised input
[ERROR] 2019-02-22 16:41:42.207 [main] ReadWriteFiles - Invalid Time In Force: GTCC
[ERROR] 2019-02-22 16:41:42.207 [main] ReadWriteFiles - Order not processed due to unrecognised input
[ERROR] 2019-02-22 16:41:42.223 [main] ReadWriteFiles - Order not processed due to unrecognised input
[ERROR] 2019-02-22 16:52:28.789 [main] ReadWriteFiles - Invalid order type input: MARK
[ERROR] 2019-02-22 16:52:28.789 [main] ReadWriteFiles - Order not processed due to unrecognised input
[ERROR] 2019-02-22 16:52:28.789 [main] ReadWriteFiles - Invalid string to integer conversion: 100G
[ERROR] 2019-02-22 16:52:28.789 [main] ReadWriteFiles - Order not processed due to unrecognised input
[ERROR] 2019-02-22 16:52:28.789 [main] ReadWriteFiles - Invalid Direction input: SEL
[ERROR] 2019-02-22 16:52:28.789 [main] ReadWriteFiles - Order not processed due to unrecognised input
[ERROR] 2019-02-22 16:52:28.805 [main] ReadWriteFiles - File not found: src/test/resources/Program Arguments/Orders/testTriggerPrice1.csv
[ERROR] 2019-02-22 16:52:28.805 [main] ReadWriteFiles - Unrecognised ticker input: T
[ERROR] 2019-02-22 16:52:28.805 [main] ReadWriteFiles - Order not processed due to unrecognised input
[ERROR] 2019-02-22 16:52:28.826 [main] ReadWriteFiles - Invalid limit price -102.93
[ERROR] 2019-02-22 16:52:28.826 [main] ReadWriteFiles - Order not processed due to unrecognised input
[ERROR] 2019-02-22 16:52:28.828 [main] ReadWriteFiles - Invalid Time In Force: GTCC
[ERROR] 2019-02-22 16:52:28.828 [main] ReadWriteFiles - Order not processed due to unrecognised input
[ERROR] 2019-02-22 16:52:28.833 [main] ReadWriteFiles - Order not processed due to unrecognised input
[ERROR] 2019-02-22 16:52:53.988 [main] ReadWriteFiles - Invalid order type input: MARK
[ERROR] 2019-02-22 16:52:53.988 [main] ReadWriteFiles - Order not processed due to unrecognised input
[ERROR] 2019-02-22 16:52:54.004 [main] ReadWriteFiles - Invalid string to integer conversion: 100G
[ERROR] 2019-02-22 16:52:54.004 [main] ReadWriteFiles - Order not processed due to unrecognised input
[ERROR] 2019-02-22 16:52:54.004 [main] ReadWriteFiles - Invalid Direction input: SEL
[ERROR] 2019-02-22 16:52:54.004 [main] ReadWriteFiles - Order not processed due to unrecognised input
[ERROR] 2019-02-22 16:52:54.004 [main] ReadWriteFiles - Invalid trigger price -5.0
[ERROR] 2019-02-22 16:52:54.004 [main] ReadWriteFiles - Order not processed due to unrecognised input
[ERROR] 2019-02-22 16:52:54.019 [main] ReadWriteFiles - Unrecognised ticker input: T
[ERROR] 2019-02-22 16:52:54.019 [main] ReadWriteFiles - Order not processed due to unrecognised input
[ERROR] 2019-02-22 16:52:54.019 [main] ReadWriteFiles - Invalid limit price -102.93
[ERROR] 2019-02-22 16:52:54.019 [main] ReadWriteFiles - Order not processed due to unrecognised input
[ERROR] 2019-02-22 16:52:54.019 [main] ReadWriteFiles - Invalid Time In Force: GTCC
[ERROR] 2019-02-22 16:52:54.019 [main] ReadWriteFiles - Order not processed due to unrecognised input
[ERROR] 2019-02-22 16:52:54.035 [main] ReadWriteFiles - Order not processed due to unrecognised input
[ERROR] 2019-02-22 16:54:43.692 [main] ReadWriteFiles - Invalid order type input: MARK
[ERROR] 2019-02-22 16:54:43.692 [main] ReadWriteFiles - Order not processed due to unrecognised input
[ERROR] 2019-02-22 16:54:43.692 [main] ReadWriteFiles - Invalid string to integer conversion: 100G
[ERROR] 2019-02-22 16:54:43.692 [main] ReadWriteFiles - Order not processed due to unrecognised input
[ERROR] 2019-02-22 16:54:43.692 [main] ReadWriteFiles - Invalid Direction input: SEL
[ERROR] 2019-02-22 16:54:43.692 [main] ReadWriteFiles - Order not processed due to unrecognised input
[ERROR] 2019-02-22 16:54:43.707 [main] ReadWriteFiles - Invalid trigger price -5.0
[ERROR] 2019-02-22 16:54:43.707 [main] ReadWriteFiles - Order not processed due to unrecognised input
[ERROR] 2019-02-22 16:54:43.723 [main] ReadWriteFiles - Unrecognised ticker input: T
[ERROR] 2019-02-22 16:54:43.723 [main] ReadWriteFiles - Order not processed due to unrecognised input
[ERROR] 2019-02-22 16:54:43.723 [main] ReadWriteFiles - Invalid limit price -102.93
[ERROR] 2019-02-22 16:54:43.723 [main] ReadWriteFiles - Order not processed due to unrecognised input
[ERROR] 2019-02-22 16:54:43.741 [main] ReadWriteFiles - Invalid Time In Force: GTCC
[ERROR] 2019-02-22 16:54:43.741 [main] ReadWriteFiles - Order not processed due to unrecognised input
[ERROR] 2019-02-22 16:54:43.745 [main] ReadWriteFiles - Order not processed due to unrecognised input
[ERROR] 2019-02-22 16:58:48.707 [main] ReadWriteFiles - Invalid order type input: MARK
[ERROR] 2019-02-22 16:58:48.707 [main] ReadWriteFiles - Order not processed due to unrecognised input
[ERROR] 2019-02-22 16:58:48.707 [main] ReadWriteFiles - Invalid string to integer conversion: 100G
[ERROR] 2019-02-22 16:58:48.707 [main] ReadWriteFiles - Order not processed due to unrecognised input
[ERROR] 2019-02-22 16:58:48.707 [main] ReadWriteFiles - Invalid Direction input: SEL
[ERROR] 2019-02-22 16:58:48.707 [main] ReadWriteFiles - Order not processed due to unrecognised input
[ERROR] 2019-02-22 16:58:48.723 [main] ReadWriteFiles - Invalid trigger price -5.0
[ERROR] 2019-02-22 16:58:48.723 [main] ReadWriteFiles - Order not processed due to unrecognised input
[ERROR] 2019-02-22 16:58:48.741 [main] ReadWriteFiles - Unrecognised ticker input: T
[ERROR] 2019-02-22 16:58:48.741 [main] ReadWriteFiles - Order not processed due to unrecognised input
[ERROR] 2019-02-22 16:58:48.745 [main] ReadWriteFiles - Invalid limit price -102.93
[ERROR] 2019-02-22 16:58:48.745 [main] ReadWriteFiles - Order not processed due to unrecognised input
[ERROR] 2019-02-22 16:58:48.748 [main] ReadWriteFiles - Invalid Time In Force: GTCC
[ERROR] 2019-02-22 16:58:48.748 [main] ReadWriteFiles - Order not processed due to unrecognised input
[ERROR] 2019-02-22 16:58:48.751 [main] ReadWriteFiles - Order not processed due to unrecognised input
[ERROR] 2019-02-22 16:59:52.660 [main] ReadWriteFiles - Invalid order type input: MARK
[ERROR] 2019-02-22 16:59:52.660 [main] ReadWriteFiles - Order not processed due to unrecognised input
[ERROR] 2019-02-22 16:59:52.660 [main] ReadWriteFiles - Invalid string to integer conversion: 100G
[ERROR] 2019-02-22 16:59:52.660 [main] ReadWriteFiles - Order not processed due to unrecognised input
[ERROR] 2019-02-22 16:59:52.660 [main] ReadWriteFiles - Invalid Direction input: SEL
[ERROR] 2019-02-22 16:59:52.660 [main] ReadWriteFiles - Order not processed due to unrecognised input
[ERROR] 2019-02-22 16:59:52.676 [main] ReadWriteFiles - Invalid trigger price -5.0
[ERROR] 2019-02-22 16:59:52.676 [main] ReadWriteFiles - Order not processed due to unrecognised input
[ERROR] 2019-02-22 16:59:52.691 [main] ReadWriteFiles - Unrecognised ticker input: T
[ERROR] 2019-02-22 16:59:52.691 [main] ReadWriteFiles - Order not processed due to unrecognised input
[ERROR] 2019-02-22 16:59:52.691 [main] ReadWriteFiles - Invalid limit price -102.93
[ERROR] 2019-02-22 16:59:52.691 [main] ReadWriteFiles - Order not processed due to unrecognised input
[ERROR] 2019-02-22 16:59:52.691 [main] ReadWriteFiles - Invalid Time In Force: GTCC
[ERROR] 2019-02-22 16:59:52.691 [main] ReadWriteFiles - Order not processed due to unrecognised input
[ERROR] 2019-02-22 16:59:52.707 [main] ReadWriteFiles - Order not processed due to unrecognised input
[ERROR] 2019-02-22 17:09:50.254 [main] ReadWriteFiles - Invalid order type input: MARK
[ERROR] 2019-02-22 17:09:50.254 [main] ReadWriteFiles - Order not processed due to unrecognised input
[ERROR] 2019-02-22 17:09:50.254 [main] ReadWriteFiles - Invalid string to integer conversion: 100G
[ERROR] 2019-02-22 17:09:50.254 [main] ReadWriteFiles - Order not processed due to unrecognised input
[ERROR] 2019-02-22 17:09:50.254 [main] ReadWriteFiles - Invalid Direction input: SEL
[ERROR] 2019-02-22 17:09:50.254 [main] ReadWriteFiles - Order not processed due to unrecognised input
[ERROR] 2019-02-22 17:09:50.270 [main] ReadWriteFiles - Invalid trigger price -5.0
[ERROR] 2019-02-22 17:09:50.270 [main] ReadWriteFiles - Order not processed due to unrecognised input
[ERROR] 2019-02-22 17:09:50.286 [main] ReadWriteFiles - Unrecognised ticker input: T
[ERROR] 2019-02-22 17:09:50.286 [main] ReadWriteFiles - Order not processed due to unrecognised input
[ERROR] 2019-02-22 17:09:50.286 [main] ReadWriteFiles - Invalid limit price -102.93
[ERROR] 2019-02-22 17:09:50.286 [main] ReadWriteFiles - Order not processed due to unrecognised input
[ERROR] 2019-02-22 17:09:50.286 [main] ReadWriteFiles - Invalid Time In Force: GTCC
[ERROR] 2019-02-22 17:09:50.286 [main] ReadWriteFiles - Order not processed due to unrecognised input
[ERROR] 2019-02-22 17:09:50.301 [main] ReadWriteFiles - Order not processed due to unrecognised input
[ERROR] 2019-02-22 17:10:26.598 [main] ReadWriteFiles - Invalid order type input: MARK
[ERROR] 2019-02-22 17:10:26.598 [main] ReadWriteFiles - Order not processed due to unrecognised input
[ERROR] 2019-02-22 17:10:26.598 [main] ReadWriteFiles - Invalid string to integer conversion: 100G
[ERROR] 2019-02-22 17:10:26.598 [main] ReadWriteFiles - Order not processed due to unrecognised input
[ERROR] 2019-02-22 17:10:26.598 [main] ReadWriteFiles - Invalid Direction input: SEL
[ERROR] 2019-02-22 17:10:26.598 [main] ReadWriteFiles - Order not processed due to unrecognised input
[ERROR] 2019-02-22 17:10:26.613 [main] ReadWriteFiles - Invalid trigger price -5.0
[ERROR] 2019-02-22 17:10:26.613 [main] ReadWriteFiles - Order not processed due to unrecognised input
[ERROR] 2019-02-22 17:10:26.629 [main] ReadWriteFiles - Unrecognised ticker input: T
[ERROR] 2019-02-22 17:10:26.629 [main] ReadWriteFiles - Order not processed due to unrecognised input
[ERROR] 2019-02-22 17:10:26.629 [main] ReadWriteFiles - Invalid limit price -102.93
[ERROR] 2019-02-22 17:10:26.629 [main] ReadWriteFiles - Order not processed due to unrecognised input
[ERROR] 2019-02-22 17:10:26.629 [main] ReadWriteFiles - Invalid Time In Force: GTCC
[ERROR] 2019-02-22 17:10:26.629 [main] ReadWriteFiles - Order not processed due to unrecognised input
[ERROR] 2019-02-22 17:10:26.644 [main] ReadWriteFiles - Order not processed due to unrecognised input
[ERROR] 2019-02-22 17:11:21.269 [main] ReadWriteFiles - Invalid order type input: MARK
[ERROR] 2019-02-22 17:11:21.269 [main] ReadWriteFiles - Order not processed due to unrecognised input
[ERROR] 2019-02-22 17:11:21.269 [main] ReadWriteFiles - Invalid string to integer conversion: 100G
[ERROR] 2019-02-22 17:11:21.269 [main] ReadWriteFiles - Order not processed due to unrecognised input
[ERROR] 2019-02-22 17:11:21.269 [main] ReadWriteFiles - Invalid Direction input: SEL
[ERROR] 2019-02-22 17:11:21.269 [main] ReadWriteFiles - Order not processed due to unrecognised input
[ERROR] 2019-02-22 17:11:21.285 [main] ReadWriteFiles - Invalid trigger price -5.0
[ERROR] 2019-02-22 17:11:21.285 [main] ReadWriteFiles - Order not processed due to unrecognised input
[ERROR] 2019-02-22 17:11:21.300 [main] ReadWriteFiles - Unrecognised ticker input: T
[ERROR] 2019-02-22 17:11:21.300 [main] ReadWriteFiles - Order not processed due to unrecognised input
[ERROR] 2019-02-22 17:11:21.300 [main] ReadWriteFiles - Invalid limit price -102.93
[ERROR] 2019-02-22 17:11:21.300 [main] ReadWriteFiles - Order not processed due to unrecognised input
[ERROR] 2019-02-22 17:11:21.300 [main] ReadWriteFiles - Invalid Time In Force: GTCC
[ERROR] 2019-02-22 17:11:21.300 [main] ReadWriteFiles - Order not processed due to unrecognised input
[ERROR] 2019-02-22 17:11:21.316 [main] ReadWriteFiles - Order not processed due to unrecognised input
[ERROR] 2019-02-22 17:12:16.765 [main] ReadWriteFiles - Invalid order type input: MARK
[ERROR] 2019-02-22 17:12:16.765 [main] ReadWriteFiles - Order not processed due to unrecognised input
[ERROR] 2019-02-22 17:12:16.769 [main] ReadWriteFiles - Invalid string to integer conversion: 100G
[ERROR] 2019-02-22 17:12:16.769 [main] ReadWriteFiles - Order not processed due to unrecognised input
[ERROR] 2019-02-22 17:12:16.772 [main] ReadWriteFiles - Invalid Direction input: SEL
[ERROR] 2019-02-22 17:12:16.772 [main] ReadWriteFiles - Order not processed due to unrecognised input
[ERROR] 2019-02-22 17:12:16.776 [main] ReadWriteFiles - Invalid trigger price -5.0
[ERROR] 2019-02-22 17:12:16.776 [main] ReadWriteFiles - Order not processed due to unrecognised input
[ERROR] 2019-02-22 17:12:16.784 [main] ReadWriteFiles - Unrecognised ticker input: T
[ERROR] 2019-02-22 17:12:16.784 [main] ReadWriteFiles - Order not processed due to unrecognised input
[ERROR] 2019-02-22 17:12:16.786 [main] ReadWriteFiles - Invalid limit price -102.93
[ERROR] 2019-02-22 17:12:16.786 [main] ReadWriteFiles - Order not processed due to unrecognised input
[ERROR] 2019-02-22 17:12:16.789 [main] ReadWriteFiles - Invalid Time In Force: GTCC
[ERROR] 2019-02-22 17:12:16.789 [main] ReadWriteFiles - Order not processed due to unrecognised input
[ERROR] 2019-02-22 17:12:16.789 [main] ReadWriteFiles - Order not processed due to unrecognised input
[ERROR] 2019-02-22 17:12:49.538 [main] ReadWriteFiles - Invalid order type input: MARK
[ERROR] 2019-02-22 17:12:49.538 [main] ReadWriteFiles - Order not processed due to unrecognised input
[ERROR] 2019-02-22 17:12:49.538 [main] ReadWriteFiles - Invalid string to integer conversion: 100G
[ERROR] 2019-02-22 17:12:49.538 [main] ReadWriteFiles - Order not processed due to unrecognised input
[ERROR] 2019-02-22 17:12:49.554 [main] ReadWriteFiles - Invalid Direction input: SEL
[ERROR] 2019-02-22 17:12:49.554 [main] ReadWriteFiles - Order not processed due to unrecognised input
[ERROR] 2019-02-22 17:12:49.554 [main] ReadWriteFiles - Invalid trigger price -5.0
[ERROR] 2019-02-22 17:12:49.554 [main] ReadWriteFiles - Order not processed due to unrecognised input
[ERROR] 2019-02-22 17:12:49.570 [main] ReadWriteFiles - Unrecognised ticker input: T
[ERROR] 2019-02-22 17:12:49.570 [main] ReadWriteFiles - Order not processed due to unrecognised input
[ERROR] 2019-02-22 17:12:49.570 [main] ReadWriteFiles - Invalid limit price -102.93
[ERROR] 2019-02-22 17:12:49.570 [main] ReadWriteFiles - Order not processed due to unrecognised input
[ERROR] 2019-02-22 17:12:49.570 [main] ReadWriteFiles - Invalid Time In Force: GTCC
[ERROR] 2019-02-22 17:12:49.570 [main] ReadWriteFiles - Order not processed due to unrecognised input
[ERROR] 2019-02-22 17:12:49.585 [main] ReadWriteFiles - Order not processed due to unrecognised input
[ERROR] 2019-02-22 17:13:52.664 [main] ReadWriteFiles - Invalid order type input: MARK
[ERROR] 2019-02-22 17:13:52.664 [main] ReadWriteFiles - Order not processed due to unrecognised input
[ERROR] 2019-02-22 17:13:52.668 [main] ReadWriteFiles - Invalid string to integer conversion: 100G
[ERROR] 2019-02-22 17:13:52.668 [main] ReadWriteFiles - Order not processed due to unrecognised input
[ERROR] 2019-02-22 17:13:52.676 [main] ReadWriteFiles - Invalid Direction input: SEL
[ERROR] 2019-02-22 17:13:52.676 [main] ReadWriteFiles - Order not processed due to unrecognised input
[ERROR] 2019-02-22 17:13:52.677 [main] ReadWriteFiles - Invalid trigger price -5.0
[ERROR] 2019-02-22 17:13:52.677 [main] ReadWriteFiles - Order not processed due to unrecognised input
[ERROR] 2019-02-22 17:13:52.693 [main] ReadWriteFiles - Unrecognised ticker input: T
[ERROR] 2019-02-22 17:13:52.693 [main] ReadWriteFiles - Order not processed due to unrecognised input
[ERROR] 2019-02-22 17:13:52.693 [main] ReadWriteFiles - Invalid limit price -102.93
[ERROR] 2019-02-22 17:13:52.693 [main] ReadWriteFiles - Order not processed due to unrecognised input
[ERROR] 2019-02-22 17:13:52.693 [main] ReadWriteFiles - Invalid Time In Force: GTCC
[ERROR] 2019-02-22 17:13:52.693 [main] ReadWriteFiles - Order not processed due to unrecognised input
[ERROR] 2019-02-22 17:13:52.709 [main] ReadWriteFiles - Order not processed due to unrecognised input
[ERROR] 2019-02-25 10:35:23.961 [main] ReadWriteFiles - Invalid price input format: 102.01g
[ERROR] 2019-02-25 10:35:23.962 [main] ReadWriteFiles - Order not processed due to unrecognised input
[ERROR] 2019-02-25 10:41:03.861 [main] ReadWriteFiles - Invalid order type input: MARK
[ERROR] 2019-02-25 10:41:03.861 [main] ReadWriteFiles - Order not processed due to unrecognised input
[ERROR] 2019-02-25 10:41:03.865 [main] ReadWriteFiles - Invalid string to integer conversion: 100G
[ERROR] 2019-02-25 10:41:03.865 [main] ReadWriteFiles - Order not processed due to unrecognised input
[ERROR] 2019-02-25 10:41:03.870 [main] ReadWriteFiles - Invalid Direction input: SEL
[ERROR] 2019-02-25 10:41:03.870 [main] ReadWriteFiles - Order not processed due to unrecognised input
[ERROR] 2019-02-25 10:41:03.878 [main] ReadWriteFiles - Invalid trigger price -5.0
[ERROR] 2019-02-25 10:41:03.878 [main] ReadWriteFiles - Order not processed due to unrecognised input
[ERROR] 2019-02-25 10:41:03.901 [main] ReadWriteFiles - Unrecognised ticker input: T
[ERROR] 2019-02-25 10:41:03.901 [main] ReadWriteFiles - Order not processed due to unrecognised input
[ERROR] 2019-02-25 10:41:03.906 [main] ReadWriteFiles - Invalid limit price -102.93
[ERROR] 2019-02-25 10:41:03.906 [main] ReadWriteFiles - Order not processed due to unrecognised input
[ERROR] 2019-02-25 10:41:03.913 [main] ReadWriteFiles - Invalid Time In Force: GTCC
[ERROR] 2019-02-25 10:41:03.913 [main] ReadWriteFiles - Order not processed due to unrecognised input
[ERROR] 2019-02-25 10:41:03.918 [main] ReadWriteFiles - Order not processed due to unrecognised input
[ERROR] 2019-02-25 10:43:35.488 [main] ReadWriteFiles - Invalid order type input: MARK
[ERROR] 2019-02-25 10:43:35.488 [main] ReadWriteFiles - Order not processed due to unrecognised input
[ERROR] 2019-02-25 10:43:35.493 [main] ReadWriteFiles - Invalid string to integer conversion: 100G
[ERROR] 2019-02-25 10:43:35.493 [main] ReadWriteFiles - Order not processed due to unrecognised input
[ERROR] 2019-02-25 10:43:35.499 [main] ReadWriteFiles - Invalid Direction input: SEL
[ERROR] 2019-02-25 10:43:35.500 [main] ReadWriteFiles - Order not processed due to unrecognised input
[ERROR] 2019-02-25 10:43:35.504 [main] ReadWriteFiles - Invalid trigger price -5.0
[ERROR] 2019-02-25 10:43:35.504 [main] ReadWriteFiles - Order not processed due to unrecognised input
[ERROR] 2019-02-25 10:43:35.515 [main] ReadWriteFiles - Unrecognised ticker input: T
[ERROR] 2019-02-25 10:43:35.515 [main] ReadWriteFiles - Order not processed due to unrecognised input
[ERROR] 2019-02-25 10:43:35.528 [main] ReadWriteFiles - Invalid limit price -102.93
[ERROR] 2019-02-25 10:43:35.528 [main] ReadWriteFiles - Order not processed due to unrecognised input
[ERROR] 2019-02-25 10:43:35.531 [main] ReadWriteFiles - Invalid Time In Force: GTCC
[ERROR] 2019-02-25 10:43:35.531 [main] ReadWriteFiles - Order not processed due to unrecognised input
[ERROR] 2019-02-25 10:43:35.534 [main] ReadWriteFiles - Order not processed due to unrecognised input
[ERROR] 2019-02-25 10:45:22.343 [main] ReadWriteFiles - Invalid order type input: MARK
[ERROR] 2019-02-25 10:45:22.343 [main] ReadWriteFiles - Order not processed due to unrecognised input
[ERROR] 2019-02-25 10:45:22.350 [main] ReadWriteFiles - Invalid string to integer conversion: 100G
[ERROR] 2019-02-25 10:45:22.350 [main] ReadWriteFiles - Order not processed due to unrecognised input
[ERROR] 2019-02-25 10:45:22.353 [main] ReadWriteFiles - Invalid Direction input: SEL
[ERROR] 2019-02-25 10:45:22.353 [main] ReadWriteFiles - Order not processed due to unrecognised input
[ERROR] 2019-02-25 10:45:22.356 [main] ReadWriteFiles - Invalid trigger price -5.0
[ERROR] 2019-02-25 10:45:22.356 [main] ReadWriteFiles - Order not processed due to unrecognised input
[ERROR] 2019-02-25 10:45:22.362 [main] ReadWriteFiles - Unrecognised ticker input: T
[ERROR] 2019-02-25 10:45:22.362 [main] ReadWriteFiles - Order not processed due to unrecognised input
[ERROR] 2019-02-25 10:45:22.366 [main] ReadWriteFiles - Invalid limit price -102.93
[ERROR] 2019-02-25 10:45:22.366 [main] ReadWriteFiles - Order not processed due to unrecognised input
[ERROR] 2019-02-25 10:45:22.371 [main] ReadWriteFiles - Invalid Time In Force: GTCC
[ERROR] 2019-02-25 10:45:22.371 [main] ReadWriteFiles - Order not processed due to unrecognised input
[ERROR] 2019-02-25 10:45:22.373 [main] ReadWriteFiles - Order not processed due to unrecognised input
[ERROR] 2019-02-25 10:47:25.355 [main] ReadWriteFiles - Invalid order type input: MARK
[ERROR] 2019-02-25 10:47:25.355 [main] ReadWriteFiles - Order not processed due to unrecognised input
[ERROR] 2019-02-25 10:47:25.361 [main] ReadWriteFiles - Invalid string to integer conversion: 100G
[ERROR] 2019-02-25 10:47:25.361 [main] ReadWriteFiles - Order not processed due to unrecognised input
[ERROR] 2019-02-25 10:47:25.363 [main] ReadWriteFiles - Invalid Direction input: SEL
[ERROR] 2019-02-25 10:47:25.363 [main] ReadWriteFiles - Order not processed due to unrecognised input
[ERROR] 2019-02-25 10:47:25.366 [main] ReadWriteFiles - Invalid trigger price -5.0
[ERROR] 2019-02-25 10:47:25.366 [main] ReadWriteFiles - Order not processed due to unrecognised input
[ERROR] 2019-02-25 10:47:25.384 [main] ReadWriteFiles - Unrecognised ticker input: T
[ERROR] 2019-02-25 10:47:25.384 [main] ReadWriteFiles - Order not processed due to unrecognised input
[ERROR] 2019-02-25 10:47:25.396 [main] ReadWriteFiles - Invalid limit price -102.93
[ERROR] 2019-02-25 10:47:25.396 [main] ReadWriteFiles - Order not processed due to unrecognised input
[ERROR] 2019-02-25 10:47:25.411 [main] ReadWriteFiles - Invalid Time In Force: GTCC
[ERROR] 2019-02-25 10:47:25.411 [main] ReadWriteFiles - Order not processed due to unrecognised input
[ERROR] 2019-02-25 10:47:25.415 [main] ReadWriteFiles - Order not processed due to unrecognised input
[ERROR] 2019-02-25 10:48:26.011 [main] ReadWriteFiles - Invalid order type input: MARK
[ERROR] 2019-02-25 10:48:26.011 [main] ReadWriteFiles - Order not processed due to unrecognised input
[ERROR] 2019-02-25 10:48:26.021 [main] ReadWriteFiles - Invalid string to integer conversion: 100G
[ERROR] 2019-02-25 10:48:26.021 [main] ReadWriteFiles - Order not processed due to unrecognised input
[ERROR] 2019-02-25 10:48:26.024 [main] ReadWriteFiles - Invalid Direction input: SEL
[ERROR] 2019-02-25 10:48:26.024 [main] ReadWriteFiles - Order not processed due to unrecognised input
[ERROR] 2019-02-25 10:48:26.027 [main] ReadWriteFiles - Invalid trigger price -5.0
[ERROR] 2019-02-25 10:48:26.027 [main] ReadWriteFiles - Order not processed due to unrecognised input
[ERROR] 2019-02-25 10:48:26.034 [main] ReadWriteFiles - Unrecognised ticker input: T
[ERROR] 2019-02-25 10:48:26.034 [main] ReadWriteFiles - Order not processed due to unrecognised input
[ERROR] 2019-02-25 10:48:26.039 [main] ReadWriteFiles - Invalid limit price -102.93
[ERROR] 2019-02-25 10:48:26.039 [main] ReadWriteFiles - Order not processed due to unrecognised input
[ERROR] 2019-02-25 10:48:26.046 [main] ReadWriteFiles - Invalid Time In Force: GTCC
[ERROR] 2019-02-25 10:48:26.046 [main] ReadWriteFiles - Order not processed due to unrecognised input
[ERROR] 2019-02-25 10:48:26.053 [main] ReadWriteFiles - Order not processed due to unrecognised input
[ERROR] 2019-02-25 10:50:34.905 [main] ReadWriteFiles - Invalid order type input: MARK
[ERROR] 2019-02-25 10:50:34.905 [main] ReadWriteFiles - Order not processed due to unrecognised input
[ERROR] 2019-02-25 10:50:34.921 [main] ReadWriteFiles - Invalid string to integer conversion: 100G
[ERROR] 2019-02-25 10:50:34.921 [main] ReadWriteFiles - Order not processed due to unrecognised input
[ERROR] 2019-02-25 10:50:34.921 [main] ReadWriteFiles - Invalid Direction input: SEL
[ERROR] 2019-02-25 10:50:34.921 [main] ReadWriteFiles - Order not processed due to unrecognised input
[ERROR] 2019-02-25 10:50:34.921 [main] ReadWriteFiles - Invalid trigger price -5.0
[ERROR] 2019-02-25 10:50:34.921 [main] ReadWriteFiles - Order not processed due to unrecognised input
[ERROR] 2019-02-25 10:50:34.921 [main] ReadWriteFiles - Unrecognised ticker input: T
[ERROR] 2019-02-25 10:50:34.921 [main] ReadWriteFiles - Order not processed due to unrecognised input
[ERROR] 2019-02-25 10:50:34.921 [main] ReadWriteFiles - Invalid limit price -102.93
[ERROR] 2019-02-25 10:50:34.921 [main] ReadWriteFiles - Order not processed due to unrecognised input
[ERROR] 2019-02-25 10:50:34.937 [main] ReadWriteFiles - Invalid Time In Force: GTCC
[ERROR] 2019-02-25 10:50:34.937 [main] ReadWriteFiles - Order not processed due to unrecognised input
[ERROR] 2019-02-25 10:50:34.937 [main] ReadWriteFiles - Order not processed due to unrecognised input
[ERROR] 2019-02-25 10:52:55.245 [main] ReadWriteFiles - Invalid order type input: MARK
[ERROR] 2019-02-25 10:52:55.245 [main] ReadWriteFiles - Order not processed due to unrecognised input
[ERROR] 2019-02-25 10:52:55.245 [main] ReadWriteFiles - Invalid string to integer conversion: 100G
[ERROR] 2019-02-25 10:52:55.245 [main] ReadWriteFiles - Order not processed due to unrecognised input
[ERROR] 2019-02-25 10:52:55.261 [main] ReadWriteFiles - Invalid Direction input: SEL
[ERROR] 2019-02-25 10:52:55.261 [main] ReadWriteFiles - Order not processed due to unrecognised input
[ERROR] 2019-02-25 10:52:55.261 [main] ReadWriteFiles - Invalid trigger price -5.0
[ERROR] 2019-02-25 10:52:55.261 [main] ReadWriteFiles - Order not processed due to unrecognised input
[ERROR] 2019-02-25 10:52:55.261 [main] ReadWriteFiles - Unrecognised ticker input: T
[ERROR] 2019-02-25 10:52:55.261 [main] ReadWriteFiles - Order not processed due to unrecognised input
[ERROR] 2019-02-25 10:52:55.261 [main] ReadWriteFiles - Invalid limit price -102.93
[ERROR] 2019-02-25 10:52:55.261 [main] ReadWriteFiles - Order not processed due to unrecognised input
[ERROR] 2019-02-25 10:52:55.277 [main] ReadWriteFiles - Invalid Time In Force: GTCC
[ERROR] 2019-02-25 10:52:55.277 [main] ReadWriteFiles - Order not processed due to unrecognised input
[ERROR] 2019-02-25 10:52:55.277 [main] ReadWriteFiles - Order not processed due to unrecognised input
[ERROR] 2019-02-25 11:35:15.935 [main] ReadWriteFiles - Invalid order type input: MARK
[ERROR] 2019-02-25 11:35:15.935 [main] ReadWriteFiles - Order not processed due to unrecognised input
[ERROR] 2019-02-25 11:35:15.950 [main] ReadWriteFiles - Invalid string to integer conversion: 100G
[ERROR] 2019-02-25 11:35:15.950 [main] ReadWriteFiles - Order not processed due to unrecognised input
[ERROR] 2019-02-25 11:35:15.950 [main] ReadWriteFiles - Invalid Direction input: SEL
[ERROR] 2019-02-25 11:35:15.950 [main] ReadWriteFiles - Order not processed due to unrecognised input
[ERROR] 2019-02-25 11:35:15.950 [main] ReadWriteFiles - Invalid trigger price -5.0
[ERROR] 2019-02-25 11:35:15.950 [main] ReadWriteFiles - Order not processed due to unrecognised input
[ERROR] 2019-02-25 11:35:15.950 [main] ReadWriteFiles - Unrecognised ticker input: T
[ERROR] 2019-02-25 11:35:15.950 [main] ReadWriteFiles - Order not processed due to unrecognised input
[ERROR] 2019-02-25 11:35:15.966 [main] ReadWriteFiles - Invalid limit price -102.93
[ERROR] 2019-02-25 11:35:15.966 [main] ReadWriteFiles - Order not processed due to unrecognised input
[ERROR] 2019-02-25 11:35:15.966 [main] ReadWriteFiles - Invalid Time In Force: GTCC
[ERROR] 2019-02-25 11:35:15.966 [main] ReadWriteFiles - Order not processed due to unrecognised input
[ERROR] 2019-02-25 11:35:15.966 [main] ReadWriteFiles - Order not processed due to unrecognised input
[ERROR] 2019-02-25 12:14:48.922 [main] ReadWriteFiles - Invalid order type input: MARK
[ERROR] 2019-02-25 12:14:48.922 [main] ReadWriteFiles - Order not processed due to unrecognised input
[ERROR] 2019-02-25 12:14:48.938 [main] ReadWriteFiles - Invalid string to integer conversion: 100G
[ERROR] 2019-02-25 12:14:48.938 [main] ReadWriteFiles - Order not processed due to unrecognised input
[ERROR] 2019-02-25 12:14:48.938 [main] ReadWriteFiles - Invalid Direction input: SEL
[ERROR] 2019-02-25 12:14:48.938 [main] ReadWriteFiles - Order not processed due to unrecognised input
[ERROR] 2019-02-25 12:14:48.938 [main] ReadWriteFiles - Invalid trigger price -5.0
[ERROR] 2019-02-25 12:14:48.938 [main] ReadWriteFiles - Order not processed due to unrecognised input
[ERROR] 2019-02-25 12:14:48.938 [main] ReadWriteFiles - Unrecognised ticker input: T
[ERROR] 2019-02-25 12:14:48.938 [main] ReadWriteFiles - Order not processed due to unrecognised input
[ERROR] 2019-02-25 12:14:48.938 [main] ReadWriteFiles - Invalid limit price -102.93
[ERROR] 2019-02-25 12:14:48.938 [main] ReadWriteFiles - Order not processed due to unrecognised input
[ERROR] 2019-02-25 12:14:48.954 [main] ReadWriteFiles - Invalid Time In Force: GTCC
[ERROR] 2019-02-25 12:14:48.954 [main] ReadWriteFiles - Order not processed due to unrecognised input
[ERROR] 2019-02-25 12:14:48.954 [main] ReadWriteFiles - Order not processed due to unrecognised input
[ERROR] 2019-02-25 13:11:58.492 [main] ReadWriteFiles - Duplicate order id input: 1
[ERROR] 2019-02-25 13:11:58.492 [main] ReadWriteFiles - Order not processed due to unrecognised input
[ERROR] 2019-02-25 13:11:58.508 [main] ReadWriteFiles - Invalid order type input: MARK
[ERROR] 2019-02-25 13:11:58.508 [main] ReadWriteFiles - Order not processed due to unrecognised input
[ERROR] 2019-02-25 13:11:58.523 [main] ReadWriteFiles - Invalid string to integer conversion: 100G
[ERROR] 2019-02-25 13:11:58.523 [main] ReadWriteFiles - Order not processed due to unrecognised input
[ERROR] 2019-02-25 13:11:58.523 [main] ReadWriteFiles - Invalid Direction input: SEL
[ERROR] 2019-02-25 13:11:58.523 [main] ReadWriteFiles - Order not processed due to unrecognised input
[ERROR] 2019-02-25 13:11:58.523 [main] ReadWriteFiles - Invalid trigger price -5.0
[ERROR] 2019-02-25 13:11:58.523 [main] ReadWriteFiles - Order not processed due to unrecognised input
[ERROR] 2019-02-25 13:11:58.523 [main] ReadWriteFiles - Unrecognised ticker input: T
[ERROR] 2019-02-25 13:11:58.523 [main] ReadWriteFiles - Order not processed due to unrecognised input
[ERROR] 2019-02-25 13:11:58.523 [main] ReadWriteFiles - Invalid limit price -102.93
[ERROR] 2019-02-25 13:11:58.523 [main] ReadWriteFiles - Order not processed due to unrecognised input
[ERROR] 2019-02-25 13:11:58.523 [main] ReadWriteFiles - Invalid Time In Force: GTCC
[ERROR] 2019-02-25 13:11:58.523 [main] ReadWriteFiles - Order not processed due to unrecognised input
[ERROR] 2019-02-25 13:11:58.539 [main] ReadWriteFiles - Order not processed due to unrecognised input
[ERROR] 2019-02-25 13:12:21.671 [main] ReadWriteFiles - Duplicate order id input: 1
[ERROR] 2019-02-25 13:12:21.671 [main] ReadWriteFiles - Order not processed due to unrecognised input
[ERROR] 2019-02-25 13:12:21.686 [main] ReadWriteFiles - Invalid order type input: MARK
[ERROR] 2019-02-25 13:12:21.686 [main] ReadWriteFiles - Order not processed due to unrecognised input
[ERROR] 2019-02-25 13:12:21.686 [main] ReadWriteFiles - Invalid string to integer conversion: 100G
[ERROR] 2019-02-25 13:12:21.686 [main] ReadWriteFiles - Order not processed due to unrecognised input
[ERROR] 2019-02-25 13:12:21.686 [main] ReadWriteFiles - Invalid Direction input: SEL
[ERROR] 2019-02-25 13:12:21.686 [main] ReadWriteFiles - Order not processed due to unrecognised input
[ERROR] 2019-02-25 13:12:21.702 [main] ReadWriteFiles - Invalid trigger price -5.0
[ERROR] 2019-02-25 13:12:21.702 [main] ReadWriteFiles - Order not processed due to unrecognised input
[ERROR] 2019-02-25 13:12:21.702 [main] ReadWriteFiles - Unrecognised ticker input: T
[ERROR] 2019-02-25 13:12:21.702 [main] ReadWriteFiles - Order not processed due to unrecognised input
[ERROR] 2019-02-25 13:12:21.702 [main] ReadWriteFiles - Invalid limit price -102.93
[ERROR] 2019-02-25 13:12:21.702 [main] ReadWriteFiles - Order not processed due to unrecognised input
[ERROR] 2019-02-25 13:12:21.717 [main] ReadWriteFiles - Invalid Time In Force: GTCC
[ERROR] 2019-02-25 13:12:21.717 [main] ReadWriteFiles - Order not processed due to unrecognised input
[ERROR] 2019-02-25 13:12:21.717 [main] ReadWriteFiles - Order not processed due to unrecognised input
[ERROR] 2019-02-25 15:08:41.682 [main] ReadWriteFiles - Unrecognised ticker input: T
[ERROR] 2019-02-25 15:08:41.682 [main] ReadWriteFiles - Order not processed due to unrecognised input
[ERROR] 2019-02-25 15:12:06.389 [main] ReadWriteFiles - Unrecognised ticker input: T
[ERROR] 2019-02-25 15:12:06.389 [main] ReadWriteFiles - Order not processed due to unrecognised input
[ERROR] 2019-02-25 15:12:35.399 [main] ReadWriteFiles - Duplicate order id input: 1
[ERROR] 2019-02-25 15:12:35.399 [main] ReadWriteFiles - Order not processed due to unrecognised input
[ERROR] 2019-02-25 15:12:35.412 [main] ReadWriteFiles - Invalid order type input: MARK
[ERROR] 2019-02-25 15:12:35.412 [main] ReadWriteFiles - Order not processed due to unrecognised input
[ERROR] 2019-02-25 15:12:35.418 [main] ReadWriteFiles - Invalid string to integer conversion: 100G
[ERROR] 2019-02-25 15:12:35.418 [main] ReadWriteFiles - Order not processed due to unrecognised input
[ERROR] 2019-02-25 15:12:35.424 [main] ReadWriteFiles - Invalid Direction input: SEL
[ERROR] 2019-02-25 15:12:35.424 [main] ReadWriteFiles - Order not processed due to unrecognised input
[ERROR] 2019-02-25 15:12:35.431 [main] ReadWriteFiles - Invalid trigger price -5.0
[ERROR] 2019-02-25 15:12:35.431 [main] ReadWriteFiles - Order not processed due to unrecognised input
[ERROR] 2019-02-25 15:12:35.435 [main] ReadWriteFiles - Unrecognised ticker input: T
[ERROR] 2019-02-25 15:12:35.435 [main] ReadWriteFiles - Order not processed due to unrecognised input
[ERROR] 2019-02-25 15:12:35.438 [main] ReadWriteFiles - Invalid limit price -102.93
[ERROR] 2019-02-25 15:12:35.438 [main] ReadWriteFiles - Order not processed due to unrecognised input
[ERROR] 2019-02-25 15:12:35.440 [main] ReadWriteFiles - Invalid Time In Force: GTCC
[ERROR] 2019-02-25 15:12:35.441 [main] ReadWriteFiles - Order not processed due to unrecognised input
[ERROR] 2019-02-25 15:12:35.444 [main] ReadWriteFiles - Order not processed due to unrecognised input
[ERROR] 2019-02-25 17:26:45.957 [main] ReadWriteFiles - Order not processed due to unrecognised input
[ERROR] 2019-02-25 17:26:45.957 [main] ReadWriteFiles - Order not processed due to unrecognised input
[ERROR] 2019-02-25 17:26:45.958 [main] ReadWriteFiles - Order not processed due to unrecognised input
[ERROR] 2019-02-25 17:26:45.970 [main] ReadWriteFiles - Order not processed due to unrecognised input
[ERROR] 2019-02-25 17:26:45.971 [main] ReadWriteFiles - Invalid order type input: MARK
[ERROR] 2019-02-25 17:26:45.971 [main] ReadWriteFiles - Order not processed due to unrecognised input
[ERROR] 2019-02-25 17:26:45.971 [main] ReadWriteFiles - Order not processed due to unrecognised input
[ERROR] 2019-02-25 17:26:45.980 [main] ReadWriteFiles - Order not processed due to unrecognised input
[ERROR] 2019-02-25 17:26:45.980 [main] ReadWriteFiles - Invalid string to integer conversion: 100G
[ERROR] 2019-02-25 17:26:45.981 [main] ReadWriteFiles - Order not processed due to unrecognised input
[ERROR] 2019-02-25 17:26:45.981 [main] ReadWriteFiles - Order not processed due to unrecognised input
[ERROR] 2019-02-25 17:26:45.989 [main] ReadWriteFiles - Order not processed due to unrecognised input
[ERROR] 2019-02-25 17:26:45.989 [main] ReadWriteFiles - Order not processed due to unrecognised input
[ERROR] 2019-02-25 17:26:45.989 [main] ReadWriteFiles - Order not processed due to unrecognised input
[ERROR] 2019-02-25 17:26:45.996 [main] ReadWriteFiles - Order not processed due to unrecognised input
[ERROR] 2019-02-25 17:26:45.996 [main] ReadWriteFiles - Order not processed due to unrecognised input
[ERROR] 2019-02-25 17:26:45.996 [main] ReadWriteFiles - Order not processed due to unrecognised input
[ERROR] 2019-02-25 17:26:45.996 [main] ReadWriteFiles - Order not processed due to unrecognised input
[ERROR] 2019-02-25 17:26:45.996 [main] ReadWriteFiles - Order not processed due to unrecognised input
[ERROR] 2019-02-25 17:26:46.008 [main] ReadWriteFiles - Order not processed due to unrecognised input
[ERROR] 2019-02-25 17:26:46.008 [main] ReadWriteFiles - Order not processed due to unrecognised input
[ERROR] 2019-02-25 17:26:46.008 [main] ReadWriteFiles - Order not processed due to unrecognised input
[ERROR] 2019-02-25 17:26:46.014 [main] ReadWriteFiles - Order not processed due to unrecognised input
[ERROR] 2019-02-25 17:26:46.014 [main] ReadWriteFiles - Order not processed due to unrecognised input
[ERROR] 2019-02-25 17:26:46.014 [main] ReadWriteFiles - Order not processed due to unrecognised input
[ERROR] 2019-02-25 17:26:46.021 [main] ReadWriteFiles - Order not processed due to unrecognised input
[ERROR] 2019-02-25 17:26:46.021 [main] ReadWriteFiles - Order not processed due to unrecognised input
[ERROR] 2019-02-25 17:26:46.022 [main] ReadWriteFiles - Order not processed due to unrecognised input
[ERROR] 2019-02-25 17:26:46.029 [main] ReadWriteFiles - Order not processed due to unrecognised input
[ERROR] 2019-02-25 17:26:46.029 [main] ReadWriteFiles - Order not processed due to unrecognised input
[ERROR] 2019-02-25 17:26:46.029 [main] ReadWriteFiles - Order not processed due to unrecognised input
[ERROR] 2019-02-25 17:54:52.942 [main] ReadWriteFiles - Duplicate order id input: 1
[ERROR] 2019-02-25 17:54:52.942 [main] ReadWriteFiles - Order not processed due to unrecognised input
[ERROR] 2019-02-25 17:54:52.986 [main] ReadWriteFiles - Invalid order type input: MARK
[ERROR] 2019-02-25 17:54:52.986 [main] ReadWriteFiles - Order not processed due to unrecognised input
[ERROR] 2019-02-25 17:54:52.995 [main] ReadWriteFiles - Invalid string to integer conversion: 100G
[ERROR] 2019-02-25 17:54:52.995 [main] ReadWriteFiles - Order not processed due to unrecognised input
[ERROR] 2019-02-25 17:54:52.998 [main] ReadWriteFiles - Invalid Direction input: SEL
[ERROR] 2019-02-25 17:54:52.998 [main] ReadWriteFiles - Order not processed due to unrecognised input
[ERROR] 2019-02-25 17:54:53.001 [main] ReadWriteFiles - Invalid trigger price -5.0
[ERROR] 2019-02-25 17:54:53.001 [main] ReadWriteFiles - Order not processed due to unrecognised input
[ERROR] 2019-02-25 17:54:53.005 [main] ReadWriteFiles - Unrecognised ticker input: T
[ERROR] 2019-02-25 17:54:53.005 [main] ReadWriteFiles - Order not processed due to unrecognised input
[ERROR] 2019-02-25 17:54:53.009 [main] ReadWriteFiles - Invalid limit price -102.93
[ERROR] 2019-02-25 17:54:53.009 [main] ReadWriteFiles - Order not processed due to unrecognised input
[ERROR] 2019-02-25 17:54:53.013 [main] ReadWriteFiles - Invalid Time In Force: GTCC
[ERROR] 2019-02-25 17:54:53.013 [main] ReadWriteFiles - Order not processed due to unrecognised input
[ERROR] 2019-02-25 17:57:14.115 [main] ReadWriteFiles - Duplicate order id input: 1
[ERROR] 2019-02-25 17:57:14.115 [main] ReadWriteFiles - Order not processed due to unrecognised input
[ERROR] 2019-02-25 17:57:14.125 [main] ReadWriteFiles - Invalid order type input: MARK
[ERROR] 2019-02-25 17:57:14.125 [main] ReadWriteFiles - Order not processed due to unrecognised input
[ERROR] 2019-02-25 17:57:14.131 [main] ReadWriteFiles - Invalid string to integer conversion: 100G
[ERROR] 2019-02-25 17:57:14.131 [main] ReadWriteFiles - Order not processed due to unrecognised input
[ERROR] 2019-02-25 17:57:14.134 [main] ReadWriteFiles - Invalid Direction input: SEL
[ERROR] 2019-02-25 17:57:14.134 [main] ReadWriteFiles - Order not processed due to unrecognised input
[ERROR] 2019-02-25 17:57:14.137 [main] ReadWriteFiles - Invalid trigger price -5.0
[ERROR] 2019-02-25 17:57:14.137 [main] ReadWriteFiles - Order not processed due to unrecognised input
[ERROR] 2019-02-25 17:57:14.148 [main] ReadWriteFiles - Unrecognised ticker input: T
[ERROR] 2019-02-25 17:57:14.148 [main] ReadWriteFiles - Order not processed due to unrecognised input
[ERROR] 2019-02-25 17:57:14.150 [main] ReadWriteFiles - Invalid limit price -102.93
[ERROR] 2019-02-25 17:57:14.150 [main] ReadWriteFiles - Order not processed due to unrecognised input
[ERROR] 2019-02-25 17:57:14.157 [main] ReadWriteFiles - Invalid Time In Force: GTCC
[ERROR] 2019-02-25 17:57:14.157 [main] ReadWriteFiles - Order not processed due to unrecognised input
[ERROR] 2019-02-25 17:57:38.266 [main] ReadWriteFiles - Duplicate order id input: 1
[ERROR] 2019-02-25 17:57:38.266 [main] ReadWriteFiles - Order not processed due to unrecognised input
[ERROR] 2019-02-25 17:57:38.275 [main] ReadWriteFiles - Invalid order type input: MARK
[ERROR] 2019-02-25 17:57:38.275 [main] ReadWriteFiles - Order not processed due to unrecognised input
[ERROR] 2019-02-25 17:57:38.278 [main] ReadWriteFiles - Invalid string to integer conversion: 100G
[ERROR] 2019-02-25 17:57:38.278 [main] ReadWriteFiles - Order not processed due to unrecognised input
[ERROR] 2019-02-25 17:57:38.281 [main] ReadWriteFiles - Invalid Direction input: SEL
[ERROR] 2019-02-25 17:57:38.281 [main] ReadWriteFiles - Order not processed due to unrecognised input
[ERROR] 2019-02-25 17:57:38.284 [main] ReadWriteFiles - Invalid trigger price -5.0
[ERROR] 2019-02-25 17:57:38.284 [main] ReadWriteFiles - Order not processed due to unrecognised input
[ERROR] 2019-02-25 17:57:38.292 [main] ReadWriteFiles - Unrecognised ticker input: T
[ERROR] 2019-02-25 17:57:38.292 [main] ReadWriteFiles - Order not processed due to unrecognised input
[ERROR] 2019-02-25 17:57:38.295 [main] ReadWriteFiles - Invalid limit price -102.93
[ERROR] 2019-02-25 17:57:38.295 [main] ReadWriteFiles - Order not processed due to unrecognised input
[ERROR] 2019-02-25 17:57:38.297 [main] ReadWriteFiles - Invalid Time In Force: GTCC
[ERROR] 2019-02-25 17:57:38.297 [main] ReadWriteFiles - Order not processed due to unrecognised input
[ERROR] 2019-02-25 17:58:34.462 [main] ReadWriteFiles - Duplicate order id input: 1
[ERROR] 2019-02-25 17:58:34.462 [main] ReadWriteFiles - Order not processed due to unrecognised input
[ERROR] 2019-02-25 17:58:34.472 [main] ReadWriteFiles - Invalid order type input: MARK
[ERROR] 2019-02-25 17:58:34.472 [main] ReadWriteFiles - Order not processed due to unrecognised input
[ERROR] 2019-02-25 17:58:34.476 [main] ReadWriteFiles - Invalid string to integer conversion: 100G
[ERROR] 2019-02-25 17:58:34.476 [main] ReadWriteFiles - Order not processed due to unrecognised input
[ERROR] 2019-02-25 17:58:34.478 [main] ReadWriteFiles - Invalid Direction input: SEL
[ERROR] 2019-02-25 17:58:34.478 [main] ReadWriteFiles - Order not processed due to unrecognised input
[ERROR] 2019-02-25 17:58:34.481 [main] ReadWriteFiles - Invalid trigger price -5.0
[ERROR] 2019-02-25 17:58:34.481 [main] ReadWriteFiles - Order not processed due to unrecognised input
[ERROR] 2019-02-25 17:58:34.488 [main] ReadWriteFiles - Unrecognised ticker input: T
[ERROR] 2019-02-25 17:58:34.488 [main] ReadWriteFiles - Order not processed due to unrecognised input
[ERROR] 2019-02-25 17:58:34.491 [main] ReadWriteFiles - Invalid limit price -102.93
[ERROR] 2019-02-25 17:58:34.491 [main] ReadWriteFiles - Order not processed due to unrecognised input
[ERROR] 2019-02-25 17:58:34.494 [main] ReadWriteFiles - Invalid Time In Force: GTCC
[ERROR] 2019-02-25 17:58:34.494 [main] ReadWriteFiles - Order not processed due to unrecognised input
[ERROR] 2019-02-25 18:01:00.338 [main] ReadWriteFiles - Duplicate order id input: 1
[ERROR] 2019-02-25 18:01:00.338 [main] ReadWriteFiles - Order not processed due to unrecognised input
[ERROR] 2019-02-25 18:01:00.352 [main] ReadWriteFiles - Invalid order type input: MARK
[ERROR] 2019-02-25 18:01:00.352 [main] ReadWriteFiles - Order not processed due to unrecognised input
[ERROR] 2019-02-25 18:01:00.355 [main] ReadWriteFiles - Invalid string to integer conversion: 100G
[ERROR] 2019-02-25 18:01:00.355 [main] ReadWriteFiles - Order not processed due to unrecognised input
[ERROR] 2019-02-25 18:01:00.359 [main] ReadWriteFiles - Invalid Direction input: SEL
[ERROR] 2019-02-25 18:01:00.360 [main] ReadWriteFiles - Order not processed due to unrecognised input
[ERROR] 2019-02-25 18:01:00.363 [main] ReadWriteFiles - Invalid trigger price -5.0
[ERROR] 2019-02-25 18:01:00.363 [main] ReadWriteFiles - Order not processed due to unrecognised input
[ERROR] 2019-02-25 18:01:00.373 [main] ReadWriteFiles - Unrecognised ticker input: T
[ERROR] 2019-02-25 18:01:00.373 [main] ReadWriteFiles - Order not processed due to unrecognised input
[ERROR] 2019-02-25 18:01:00.377 [main] ReadWriteFiles - Invalid limit price -102.93
[ERROR] 2019-02-25 18:01:00.377 [main] ReadWriteFiles - Order not processed due to unrecognised input
[ERROR] 2019-02-25 18:01:00.382 [main] ReadWriteFiles - Invalid Time In Force: GTCC
[ERROR] 2019-02-25 18:01:00.382 [main] ReadWriteFiles - Order not processed due to unrecognised input
[ERROR] 2019-02-25 18:01:00.601 [main] ReadWriteFiles - Duplicate order id input: 1
[ERROR] 2019-02-25 18:01:00.602 [main] ReadWriteFiles - Order not processed due to unrecognised input
[ERROR] 2019-02-25 18:01:00.611 [main] ReadWriteFiles - Invalid order type input: MARK
[ERROR] 2019-02-25 18:01:00.611 [main] ReadWriteFiles - Order not processed due to unrecognised input
[ERROR] 2019-02-25 18:01:00.614 [main] ReadWriteFiles - Invalid string to integer conversion: 100G
[ERROR] 2019-02-25 18:01:00.614 [main] ReadWriteFiles - Order not processed due to unrecognised input
[ERROR] 2019-02-25 18:01:00.617 [main] ReadWriteFiles - Invalid Direction input: SEL
[ERROR] 2019-02-25 18:01:00.617 [main] ReadWriteFiles - Order not processed due to unrecognised input
[ERROR] 2019-02-25 18:01:00.620 [main] ReadWriteFiles - Invalid trigger price -5.0
[ERROR] 2019-02-25 18:01:00.620 [main] ReadWriteFiles - Order not processed due to unrecognised input
[ERROR] 2019-02-25 18:01:00.631 [main] ReadWriteFiles - Unrecognised ticker input: T
[ERROR] 2019-02-25 18:01:00.631 [main] ReadWriteFiles - Order not processed due to unrecognised input
[ERROR] 2019-02-25 18:01:00.635 [main] ReadWriteFiles - Invalid limit price -102.93
[ERROR] 2019-02-25 18:01:00.635 [main] ReadWriteFiles - Order not processed due to unrecognised input
[ERROR] 2019-02-25 18:01:00.639 [main] ReadWriteFiles - Invalid Time In Force: GTCC
[ERROR] 2019-02-25 18:01:00.639 [main] ReadWriteFiles - Order not processed due to unrecognised input
[ERROR] 2019-02-25 18:01:09.998 [main] ReadWriteFiles - Duplicate order id input: 1
[ERROR] 2019-02-25 18:01:09.999 [main] ReadWriteFiles - Order not processed due to unrecognised input
[ERROR] 2019-02-25 18:01:10.010 [main] ReadWriteFiles - Invalid order type input: MARK
[ERROR] 2019-02-25 18:01:10.010 [main] ReadWriteFiles - Order not processed due to unrecognised input
[ERROR] 2019-02-25 18:01:10.013 [main] ReadWriteFiles - Invalid string to integer conversion: 100G
[ERROR] 2019-02-25 18:01:10.013 [main] ReadWriteFiles - Order not processed due to unrecognised input
[ERROR] 2019-02-25 18:01:10.016 [main] ReadWriteFiles - Invalid Direction input: SEL
[ERROR] 2019-02-25 18:01:10.016 [main] ReadWriteFiles - Order not processed due to unrecognised input
[ERROR] 2019-02-25 18:01:10.020 [main] ReadWriteFiles - Invalid trigger price -5.0
[ERROR] 2019-02-25 18:01:10.020 [main] ReadWriteFiles - Order not processed due to unrecognised input
[ERROR] 2019-02-25 18:01:10.023 [main] ReadWriteFiles - Unrecognised ticker input: T
[ERROR] 2019-02-25 18:01:10.023 [main] ReadWriteFiles - Order not processed due to unrecognised input
[ERROR] 2019-02-25 18:01:10.025 [main] ReadWriteFiles - Invalid limit price -102.93
[ERROR] 2019-02-25 18:01:10.025 [main] ReadWriteFiles - Order not processed due to unrecognised input
[ERROR] 2019-02-25 18:01:10.028 [main] ReadWriteFiles - Invalid Time In Force: GTCC
[ERROR] 2019-02-25 18:01:10.028 [main] ReadWriteFiles - Order not processed due to unrecognised input
[ERROR] 2019-02-25 18:02:22.234 [main] ReadWriteFiles - Duplicate order id input: 1
[ERROR] 2019-02-25 18:02:22.234 [main] ReadWriteFiles - Order not processed due to unrecognised input
[ERROR] 2019-02-25 18:02:22.244 [main] ReadWriteFiles - Invalid order type input: MARK
[ERROR] 2019-02-25 18:02:22.244 [main] ReadWriteFiles - Order not processed due to unrecognised input
[ERROR] 2019-02-25 18:02:22.248 [main] ReadWriteFiles - Invalid string to integer conversion: 100G
[ERROR] 2019-02-25 18:02:22.248 [main] ReadWriteFiles - Order not processed due to unrecognised input
[ERROR] 2019-02-25 18:02:22.251 [main] ReadWriteFiles - Invalid Direction input: SEL
[ERROR] 2019-02-25 18:02:22.251 [main] ReadWriteFiles - Order not processed due to unrecognised input
[ERROR] 2019-02-25 18:02:22.255 [main] ReadWriteFiles - Invalid trigger price -5.0
[ERROR] 2019-02-25 18:02:22.255 [main] ReadWriteFiles - Order not processed due to unrecognised input
[ERROR] 2019-02-25 18:02:22.259 [main] ReadWriteFiles - Unrecognised ticker input: T
[ERROR] 2019-02-25 18:02:22.259 [main] ReadWriteFiles - Order not processed due to unrecognised input
[ERROR] 2019-02-25 18:02:22.263 [main] ReadWriteFiles - Invalid limit price -102.93
[ERROR] 2019-02-25 18:02:22.263 [main] ReadWriteFiles - Order not processed due to unrecognised input
[ERROR] 2019-02-25 18:02:22.265 [main] ReadWriteFiles - Invalid Time In Force: GTCC
[ERROR] 2019-02-25 18:02:22.266 [main] ReadWriteFiles - Order not processed due to unrecognised input
[ERROR] 2019-02-26 08:41:27.795 [main] ReadWriteFiles - File not found: src/main/resources/Program Arguments/Missions/missions0.csv
[ERROR] 2019-02-26 08:41:27.810 [main] ReadWriteFiles - Duplicate order id input: 1
[ERROR] 2019-02-26 08:41:27.810 [main] ReadWriteFiles - Order not processed due to unrecognised input
[ERROR] 2019-02-26 08:41:27.810 [main] ReadWriteFiles - Duplicate order id input: 2
[ERROR] 2019-02-26 08:41:27.810 [main] ReadWriteFiles - Order not processed due to unrecognised input
[ERROR] 2019-02-26 08:41:27.810 [main] ReadWriteFiles - Duplicate order id input: 3
[ERROR] 2019-02-26 08:41:27.810 [main] ReadWriteFiles - Order not processed due to unrecognised input
[ERROR] 2019-02-26 08:41:27.826 [main] ReadWriteFiles - Duplicate order id input: 1
[ERROR] 2019-02-26 08:41:27.826 [main] ReadWriteFiles - Order not processed due to unrecognised input
[ERROR] 2019-02-26 08:41:27.826 [main] ReadWriteFiles - Duplicate order id input: 2
[ERROR] 2019-02-26 08:41:27.826 [main] ReadWriteFiles - Order not processed due to unrecognised input
[ERROR] 2019-02-26 08:41:27.826 [main] ReadWriteFiles - Duplicate order id input: 3
[ERROR] 2019-02-26 08:41:27.826 [main] ReadWriteFiles - Order not processed due to unrecognised input
[ERROR] 2019-02-26 08:41:27.920 [main] ReadWriteFiles - Duplicate order id input: 1
[ERROR] 2019-02-26 08:41:27.920 [main] ReadWriteFiles - Order not processed due to unrecognised input
[ERROR] 2019-02-26 08:41:27.920 [main] ReadWriteFiles - Duplicate order id input: 2
[ERROR] 2019-02-26 08:41:27.920 [main] ReadWriteFiles - Order not processed due to unrecognised input
[ERROR] 2019-02-26 08:41:27.920 [main] ReadWriteFiles - Duplicate order id input: 3
[ERROR] 2019-02-26 08:41:27.920 [main] ReadWriteFiles - Order not processed due to unrecognised input
[ERROR] 2019-02-26 08:41:44.023 [main] ReadWriteFiles - File not found: src/main/resources/Program Arguments/Missions/missions0.csv
[ERROR] 2019-02-26 08:41:44.038 [main] ReadWriteFiles - Duplicate order id input: 1
[ERROR] 2019-02-26 08:41:44.038 [main] ReadWriteFiles - Order not processed due to unrecognised input
[ERROR] 2019-02-26 08:41:44.038 [main] ReadWriteFiles - Duplicate order id input: 2
[ERROR] 2019-02-26 08:41:44.038 [main] ReadWriteFiles - Order not processed due to unrecognised input
[ERROR] 2019-02-26 08:41:44.038 [main] ReadWriteFiles - Duplicate order id input: 3
[ERROR] 2019-02-26 08:41:44.038 [main] ReadWriteFiles - Order not processed due to unrecognised input
[ERROR] 2019-02-26 08:41:44.038 [main] ReadWriteFiles - Duplicate order id input: 1
[ERROR] 2019-02-26 08:41:44.038 [main] ReadWriteFiles - Order not processed due to unrecognised input
[ERROR] 2019-02-26 08:41:44.038 [main] ReadWriteFiles - Duplicate order id input: 2
[ERROR] 2019-02-26 08:41:44.038 [main] ReadWriteFiles - Order not processed due to unrecognised input
[ERROR] 2019-02-26 08:41:44.038 [main] ReadWriteFiles - Duplicate order id input: 3
[ERROR] 2019-02-26 08:41:44.038 [main] ReadWriteFiles - Order not processed due to unrecognised input
[ERROR] 2019-02-26 08:41:44.054 [main] ReadWriteFiles - Duplicate order id input: 1
[ERROR] 2019-02-26 08:41:44.054 [main] ReadWriteFiles - Order not processed due to unrecognised input
[ERROR] 2019-02-26 08:41:44.054 [main] ReadWriteFiles - Duplicate order id input: 2
[ERROR] 2019-02-26 08:41:44.054 [main] ReadWriteFiles - Order not processed due to unrecognised input
[ERROR] 2019-02-26 08:41:44.054 [main] ReadWriteFiles - Duplicate order id input: 3
[ERROR] 2019-02-26 08:41:44.054 [main] ReadWriteFiles - Order not processed due to unrecognised input
[ERROR] 2019-02-26 08:49:47.413 [main] ReadWriteFiles - File not found: src/main/resources/Program Arguments/Missions/missions0.csv
